#
# There is insufficient memory for the Java Runtime Environment to continue.
# Native memory allocation (mmap) failed to map 398458880 bytes. Error detail: G1 virtual space
# Possible reasons:
#   The system is out of physical RAM or swap space
#   This process is running with CompressedOops enabled, and the Java Heap may be blocking the growth of the native heap
# Possible solutions:
#   Reduce memory load on the system
#   Increase physical memory or swap space
#   Check if swap backing store is full
#   Decrease Java heap size (-Xmx/-Xms)
#   Decrease number of Java threads
#   Decrease Java thread stack sizes (-Xss)
#   Set larger code cache with -XX:ReservedCodeCacheSize=
#   JVM is running with Zero Based Compressed Oops mode in which the Java heap is
#     placed in the first 32GB address space. The Java Heap base address is the
#     maximum limit for the native heap growth. Please use -XX:HeapBaseMinAddress
#     to set the Java Heap base and to place the Java Heap above 32GB virtual address.
# This output file may be truncated or incomplete.
#
#  Out of Memory Error (os_windows.cpp:3690), pid=18884, tid=6072
#
# JRE version: OpenJDK Runtime Environment Microsoft-12574423 (17.0.17+10) (build 17.0.17+10-LTS)
# Java VM: OpenJDK 64-Bit Server VM Microsoft-12574423 (17.0.17+10-LTS, mixed mode, sharing, tiered, compressed oops, compressed class ptrs, g1 gc, windows-amd64)
# No core dump will be written. Minidumps are not enabled by default on client versions of Windows
#

---------------  S U M M A R Y ------------

Command Line: -XX:+HeapDumpOnOutOfMemoryError --add-opens=java.base/java.util=ALL-UNNAMED --add-opens=java.base/java.lang=ALL-UNNAMED --add-opens=java.base/java.lang.invoke=ALL-UNNAMED --add-opens=java.base/java.util=ALL-UNNAMED --add-opens=java.prefs/java.util.prefs=ALL-UNNAMED --add-opens=java.prefs/java.util.prefs=ALL-UNNAMED --add-opens=java.base/java.nio.charset=ALL-UNNAMED --add-opens=java.base/java.net=ALL-UNNAMED --add-opens=java.base/java.util.concurrent.atomic=ALL-UNNAMED -Xmx4096m -Dfile.encoding=UTF-8 -Duser.country=US -Duser.language=en -Duser.variant org.gradle.launcher.daemon.bootstrap.GradleDaemon 7.5.1

Host: AMD Ryzen 5 7430U with Radeon Graphics         , 12 cores, 6G,  Windows 11 , 64 bit Build 26100 (10.0.26100.7019)
Time: Fri Nov 21 18:43:19 2025 India Standard Time elapsed time: 21.156091 seconds (0d 0h 0m 21s)

---------------  T H R E A D  ---------------

Current thread (0x00000179cb271040):  VMThread "VM Thread" [stack: 0x000000700b900000,0x000000700ba00000] [id=6072]

Stack: [0x000000700b900000,0x000000700ba00000]
Native frames: (J=compiled Java code, j=interpreted, Vv=VM code, C=native code)
V  [jvm.dll+0x68c459]  (no source info available)
V  [jvm.dll+0x845e09]  (no source info available)
V  [jvm.dll+0x847b78]  (no source info available)
V  [jvm.dll+0x848203]  (no source info available)
V  [jvm.dll+0x24cf6f]  (no source info available)
V  [jvm.dll+0x68b859]  (no source info available)
V  [jvm.dll+0x67fe1a]  (no source info available)
V  [jvm.dll+0x3100f0]  (no source info available)
V  [jvm.dll+0x30ff92]  (no source info available)
V  [jvm.dll+0x3174e9]  (no source info available)
V  [jvm.dll+0x3697c9]  (no source info available)
V  [jvm.dll+0x3699fd]  (no source info available)
V  [jvm.dll+0x2e68fa]  (no source info available)
V  [jvm.dll+0x2e4cf1]  (no source info available)
V  [jvm.dll+0x2e448c]  (no source info available)
V  [jvm.dll+0x328e1b]  (no source info available)
V  [jvm.dll+0x84ca8d]  (no source info available)
V  [jvm.dll+0x84d7a3]  (no source info available)
V  [jvm.dll+0x84dcd4]  (no source info available)
V  [jvm.dll+0x84e0b8]  (no source info available)
V  [jvm.dll+0x84e1ae]  (no source info available)
V  [jvm.dll+0x7f5a5c]  (no source info available)
V  [jvm.dll+0x68d9f7]  (no source info available)
C  [ucrtbase.dll+0x37b0]  (no source info available)
C  [KERNEL32.DLL+0x2e8d7]  (no source info available)
C  [ntdll.dll+0x8c53c]  (no source info available)

VM_Operation (0x0000007011af5100): G1CollectForAllocation, mode: safepoint, requested by thread 0x0000017a155cae80


---------------  P R O C E S S  ---------------

Threads class SMR info:
_java_thread_list=0x0000017a16086f90, length=189, elements={
0x00000179a7d6d740, 0x00000179cb27c140, 0x00000179cb27c820, 0x00000179cb297070,
0x00000179cb297550, 0x00000179cb297a30, 0x00000179cb29bf20, 0x00000179cb29d740,
0x00000179cb2a0420, 0x00000179cb2a9690, 0x00000179cb3d7460, 0x00000179cb3da170,
0x0000017a11dfd570, 0x0000017a11bb0550, 0x0000017a11c18ab0, 0x0000017a1299b010,
0x0000017a11d124f0, 0x00000179cb821fb0, 0x00000179cb8224c0, 0x00000179cb822ee0,
0x00000179cb8229d0, 0x00000179cb8233f0, 0x00000179cb823e10, 0x00000179cb824d40,
0x00000179cb825250, 0x00000179cb821aa0, 0x00000179cb824320, 0x0000017a1397fde0,
0x0000017a13982660, 0x0000017a139802f0, 0x0000017a13983080, 0x0000017a13981c40,
0x0000017a13983aa0, 0x0000017a13986320, 0x0000017a13984ee0, 0x0000017a139844c0,
0x0000017a139849d0, 0x0000017a13985900, 0x0000017a13985e10, 0x0000017a149091a0,
0x0000017a14908c90, 0x0000017a1490a0d0, 0x0000017a14909bc0, 0x0000017a1490aaf0,
0x0000017a14907340, 0x0000017a1490b000, 0x0000017a14907850, 0x0000017a1490b510,
0x0000017a14907d60, 0x0000017a1490ba20, 0x0000017a14908270, 0x0000017a1490bf30,
0x0000017a14908780, 0x0000017a1490d880, 0x0000017a1490e2a0, 0x0000017a1490c440,
0x0000017a1490e7b0, 0x0000017a1490dd90, 0x0000017a1490c950, 0x0000017a1490ecc0,
0x0000017a1490ce60, 0x0000017a1490d370, 0x0000017a155c67a0, 0x0000017a155c4940,
0x0000017a155c3f20, 0x0000017a155c7be0, 0x0000017a155c4e50, 0x0000017a155c5360,
0x0000017a155c6290, 0x0000017a155c5870, 0x0000017a155c6cb0, 0x0000017a155c71c0,
0x0000017a155c76d0, 0x0000017a155c4430, 0x0000017a155c80f0, 0x0000017a155c8600,
0x0000017a155c8b10, 0x0000017a155c9020, 0x0000017a155c9530, 0x0000017a155c5d80,
0x0000017a155cb390, 0x0000017a155c9f50, 0x0000017a155cb8a0, 0x0000017a155ca970,
0x0000017a155cae80, 0x00000179cb824830, 0x0000017a16281810, 0x0000017a162808e0,
0x0000017a1627fec0, 0x0000017a1627e570, 0x0000017a1627ea80, 0x0000017a1627e060,
0x0000017a16281d20, 0x0000017a1627ef90, 0x0000017a16280df0, 0x0000017a16282740,
0x0000017a16282230, 0x0000017a16282c50, 0x0000017a162803d0, 0x0000017a1627f4a0,
0x0000017a1627f9b0, 0x0000017a16283160, 0x0000017a162859e0, 0x0000017a16283670,
0x0000017a16284ab0, 0x0000017a16284090, 0x0000017a162845a0, 0x0000017a16283b80,
0x0000017a16284fc0, 0x0000017a162854d0, 0x0000017a162fe2e0, 0x0000017a162fd3b0,
0x0000017a162fd8c0, 0x0000017a162fddd0, 0x0000017a162fba60, 0x0000017a162fab30,
0x0000017a162fe7f0, 0x0000017a162fb550, 0x0000017a162fed00, 0x0000017a162fbf70,
0x0000017a162fc480, 0x0000017a162fcea0, 0x0000017a162ff210, 0x0000017a162ffc30,
0x0000017a162ff720, 0x0000017a16300140, 0x0000017a162fc990, 0x0000017a16300650,
0x0000017a16301a90, 0x0000017a16300b60, 0x0000017a16301070, 0x0000017a16301580,
0x0000017a163024b0, 0x0000017a16301fa0, 0x0000017a14248b40, 0x0000017a14249050,
0x0000017a14249560, 0x0000017a142471f0, 0x0000017a14248120, 0x0000017a14245db0,
0x0000017a14246ce0, 0x0000017a14248630, 0x0000017a14247700, 0x0000017a14249a70,
0x0000017a14247c10, 0x0000017a142462c0, 0x0000017a14249f80, 0x0000017a142467d0,
0x0000017a1424aeb0, 0x0000017a1424cd10, 0x0000017a1424b3c0, 0x0000017a1424a490,
0x0000017a1424c2f0, 0x0000017a1424b8d0, 0x0000017a1424bde0, 0x0000017a1424c800,
0x0000017a1424d220, 0x0000017a1424d730, 0x0000017a1424a9a0, 0x0000017a1374e690,
0x0000017a13751e40, 0x0000017a1374f5c0, 0x0000017a13750a00, 0x0000017a13750f10,
0x0000017a1374eba0, 0x0000017a13751930, 0x0000017a1374fad0, 0x0000017a13752350,
0x0000017a1374ffe0, 0x0000017a13752860, 0x0000017a137504f0, 0x0000017a1374f0b0,
0x0000017a13754bd0, 0x0000017a13752d70, 0x0000017a137541b0, 0x0000017a13753280,
0x0000017a13751420, 0x0000017a137546c0, 0x0000017a13753ca0, 0x0000017a137550e0,
0x0000017a13756010, 0x0000017a137555f0, 0x0000017a13755b00, 0x0000017a13753790,
0x0000017a148ffe50, 0x0000017a15320c20, 0x0000017a15321b50, 0x0000017a15320710,
0x0000017a15322a80
}

Java Threads: ( => current thread )
  0x00000179a7d6d740 JavaThread "main" [_thread_blocked, id=24520, stack(0x000000700b300000,0x000000700b400000)]
  0x00000179cb27c140 JavaThread "Reference Handler" daemon [_thread_blocked, id=11808, stack(0x000000700ba00000,0x000000700bb00000)]
  0x00000179cb27c820 JavaThread "Finalizer" daemon [_thread_blocked, id=10592, stack(0x000000700bb00000,0x000000700bc00000)]
  0x00000179cb297070 JavaThread "Signal Dispatcher" daemon [_thread_blocked, id=6104, stack(0x000000700bc00000,0x000000700bd00000)]
  0x00000179cb297550 JavaThread "Attach Listener" daemon [_thread_blocked, id=12384, stack(0x000000700bd00000,0x000000700be00000)]
  0x00000179cb297a30 JavaThread "Service Thread" daemon [_thread_blocked, id=22500, stack(0x000000700be00000,0x000000700bf00000)]
  0x00000179cb29bf20 JavaThread "Monitor Deflation Thread" daemon [_thread_blocked, id=3120, stack(0x000000700bf00000,0x000000700c000000)]
  0x00000179cb29d740 JavaThread "C2 CompilerThread0" daemon [_thread_blocked, id=20348, stack(0x000000700c000000,0x000000700c100000)]
  0x00000179cb2a0420 JavaThread "C1 CompilerThread0" daemon [_thread_blocked, id=19596, stack(0x000000700c100000,0x000000700c200000)]
  0x00000179cb2a9690 JavaThread "Sweeper thread" daemon [_thread_blocked, id=8100, stack(0x000000700c200000,0x000000700c300000)]
  0x00000179cb3d7460 JavaThread "Common-Cleaner" daemon [_thread_blocked, id=10844, stack(0x000000700c300000,0x000000700c400000)]
  0x00000179cb3da170 JavaThread "Notification Thread" daemon [_thread_blocked, id=16472, stack(0x000000700c400000,0x000000700c500000)]
  0x0000017a11dfd570 JavaThread "Daemon health stats" [_thread_blocked, id=12784, stack(0x000000700cb00000,0x000000700cc00000)]
  0x0000017a11bb0550 JavaThread "Incoming local TCP Connector on port 54760" [_thread_in_native, id=10584, stack(0x000000700cc00000,0x000000700cd00000)]
  0x0000017a11c18ab0 JavaThread "Daemon periodic checks" [_thread_blocked, id=18516, stack(0x000000700cd00000,0x000000700ce00000)]
  0x0000017a1299b010 JavaThread "Daemon" [_thread_blocked, id=15628, stack(0x000000700ce00000,0x000000700cf00000)]
  0x0000017a11d124f0 JavaThread "Handler for socket connection from /127.0.0.1:54760 to /127.0.0.1:54762" [_thread_in_native, id=24496, stack(0x000000700cf00000,0x000000700d000000)]
  0x00000179cb821fb0 JavaThread "Cancel handler" [_thread_blocked, id=3220, stack(0x000000700d000000,0x000000700d100000)]
  0x00000179cb8224c0 JavaThread "Daemon worker" [_thread_blocked, id=1652, stack(0x000000700d100000,0x000000700d200000)]
  0x00000179cb822ee0 JavaThread "Asynchronous log dispatcher for DefaultDaemonConnection: socket connection from /127.0.0.1:54760 to /127.0.0.1:54762" [_thread_blocked, id=20468, stack(0x000000700d200000,0x000000700d300000)]
  0x00000179cb8229d0 JavaThread "Stdin handler" [_thread_blocked, id=18116, stack(0x000000700d300000,0x000000700d400000)]
  0x00000179cb8233f0 JavaThread "Daemon client event forwarder" [_thread_blocked, id=8812, stack(0x000000700d400000,0x000000700d500000)]
  0x00000179cb823e10 JavaThread "Cache worker for journal cache (C:\Users\Master Union\.gradle\caches\journal-1)" [_thread_blocked, id=22708, stack(0x000000700d500000,0x000000700d600000)]
  0x00000179cb824d40 JavaThread "File lock request listener" [_thread_in_native, id=8252, stack(0x000000700d600000,0x000000700d700000)]
  0x00000179cb825250 JavaThread "Cache worker for file hash cache (C:\Users\Master Union\.gradle\caches\7.5.1\fileHashes)" [_thread_blocked, id=10948, stack(0x000000700d700000,0x000000700d800000)]
  0x00000179cb821aa0 JavaThread "File watcher server" daemon [_thread_blocked, id=1728, stack(0x000000700dd00000,0x000000700de00000)]
  0x00000179cb824320 JavaThread "File watcher consumer" daemon [_thread_blocked, id=16788, stack(0x000000700de00000,0x000000700df00000)]
  0x0000017a1397fde0 JavaThread "Cache worker for checksums cache (C:\Users\Master Union\Desktop\AppDev\MyApp\android\.gradle\7.5.1\checksums)" [_thread_blocked, id=14252, stack(0x000000700df00000,0x000000700e000000)]
  0x0000017a13982660 JavaThread "Cache worker for cache directory md-rule (C:\Users\Master Union\.gradle\caches\7.5.1\md-rule)" [_thread_blocked, id=18092, stack(0x000000700e000000,0x000000700e100000)]
  0x0000017a139802f0 JavaThread "Cache worker for file content cache (C:\Users\Master Union\.gradle\caches\7.5.1\fileContent)" [_thread_blocked, id=14408, stack(0x000000700e100000,0x000000700e200000)]
  0x0000017a13983080 JavaThread "Cache worker for file hash cache (C:\Users\Master Union\Desktop\AppDev\MyApp\android\.gradle\7.5.1\fileHashes)" [_thread_blocked, id=18028, stack(0x000000700e200000,0x000000700e300000)]
  0x0000017a13981c40 JavaThread "Cache worker for cache directory md-supplier (C:\Users\Master Union\.gradle\caches\7.5.1\md-supplier)" [_thread_blocked, id=11564, stack(0x000000700e300000,0x000000700e400000)]
  0x0000017a13983aa0 JavaThread "Cache worker for execution history cache (C:\Users\Master Union\.gradle\caches\7.5.1\executionHistory)" [_thread_blocked, id=20420, stack(0x000000700e600000,0x000000700e700000)]
  0x0000017a13986320 JavaThread "jar transforms" [_thread_blocked, id=6672, stack(0x000000700e700000,0x000000700e800000)]
  0x0000017a13984ee0 JavaThread "jar transforms Thread 2" [_thread_blocked, id=23500, stack(0x000000700e800000,0x000000700e900000)]
  0x0000017a139844c0 JavaThread "jar transforms Thread 3" [_thread_blocked, id=11592, stack(0x000000700e900000,0x000000700ea00000)]
  0x0000017a139849d0 JavaThread "jar transforms Thread 4" [_thread_blocked, id=13964, stack(0x000000700ea00000,0x000000700eb00000)]
  0x0000017a13985900 JavaThread "Cache worker for kotlin-dsl (C:\Users\Master Union\.gradle\caches\7.5.1\kotlin-dsl)" [_thread_blocked, id=2628, stack(0x000000700ec00000,0x000000700ed00000)]
  0x0000017a13985e10 JavaThread "jar transforms Thread 5" [_thread_blocked, id=17820, stack(0x000000700ed00000,0x000000700ee00000)]
  0x0000017a149091a0 JavaThread "jar transforms Thread 6" [_thread_blocked, id=2348, stack(0x000000700ee00000,0x000000700ef00000)]
  0x0000017a14908c90 JavaThread "Cache worker for dependencies-accessors (C:\Users\Master Union\Desktop\AppDev\MyApp\android\.gradle\7.5.1\dependencies-accessors)" [_thread_blocked, id=6440, stack(0x000000700ef00000,0x000000700f000000)]
  0x0000017a1490a0d0 JavaThread "Cache worker for Build Output Cleanup Cache (C:\Users\Master Union\Desktop\AppDev\MyApp\node_modules\react-native-gradle-plugin\.gradle\buildOutputCleanup)" [_thread_blocked, id=19012, stack(0x000000700f000000,0x000000700f100000)]
  0x0000017a14909bc0 JavaThread "jar transforms Thread 7" [_thread_blocked, id=13708, stack(0x000000700f100000,0x000000700f200000)]
  0x0000017a1490aaf0 JavaThread "Unconstrained build operations" [_thread_blocked, id=8492, stack(0x000000700f200000,0x000000700f300000)]
  0x0000017a14907340 JavaThread "Unconstrained build operations Thread 2" [_thread_blocked, id=13316, stack(0x000000700f300000,0x000000700f400000)]
  0x0000017a1490b000 JavaThread "Unconstrained build operations Thread 3" [_thread_blocked, id=12916, stack(0x000000700f400000,0x000000700f500000)]
  0x0000017a14907850 JavaThread "Unconstrained build operations Thread 4" [_thread_blocked, id=5740, stack(0x000000700f500000,0x000000700f600000)]
  0x0000017a1490b510 JavaThread "Unconstrained build operations Thread 5" [_thread_blocked, id=12156, stack(0x000000700f600000,0x000000700f700000)]
  0x0000017a14907d60 JavaThread "Unconstrained build operations Thread 6" [_thread_blocked, id=13268, stack(0x000000700f700000,0x000000700f800000)]
  0x0000017a1490ba20 JavaThread "Unconstrained build operations Thread 7" [_thread_blocked, id=13360, stack(0x000000700f800000,0x000000700f900000)]
  0x0000017a14908270 JavaThread "Unconstrained build operations Thread 8" [_thread_blocked, id=23236, stack(0x000000700f900000,0x000000700fa00000)]
  0x0000017a1490bf30 JavaThread "Unconstrained build operations Thread 9" [_thread_blocked, id=22332, stack(0x000000700fa00000,0x000000700fb00000)]
  0x0000017a14908780 JavaThread "Unconstrained build operations Thread 10" [_thread_blocked, id=18780, stack(0x000000700fb00000,0x000000700fc00000)]
  0x0000017a1490d880 JavaThread "Unconstrained build operations Thread 11" [_thread_blocked, id=10860, stack(0x000000700fc00000,0x000000700fd00000)]
  0x0000017a1490e2a0 JavaThread "Unconstrained build operations Thread 12" [_thread_blocked, id=1512, stack(0x000000700fd00000,0x000000700fe00000)]
  0x0000017a1490c440 JavaThread "Unconstrained build operations Thread 13" [_thread_blocked, id=4432, stack(0x000000700fe00000,0x000000700ff00000)]
  0x0000017a1490e7b0 JavaThread "Unconstrained build operations Thread 14" [_thread_blocked, id=22660, stack(0x000000700ff00000,0x0000007010000000)]
  0x0000017a1490dd90 JavaThread "Unconstrained build operations Thread 15" [_thread_blocked, id=2560, stack(0x0000007010000000,0x0000007010100000)]
  0x0000017a1490c950 JavaThread "Unconstrained build operations Thread 16" [_thread_blocked, id=11680, stack(0x0000007010100000,0x0000007010200000)]
  0x0000017a1490ecc0 JavaThread "Unconstrained build operations Thread 17" [_thread_blocked, id=21664, stack(0x0000007010200000,0x0000007010300000)]
  0x0000017a1490ce60 JavaThread "Unconstrained build operations Thread 18" [_thread_blocked, id=10228, stack(0x0000007010300000,0x0000007010400000)]
  0x0000017a1490d370 JavaThread "Unconstrained build operations Thread 19" [_thread_blocked, id=11456, stack(0x0000007010400000,0x0000007010500000)]
  0x0000017a155c67a0 JavaThread "Unconstrained build operations Thread 20" [_thread_blocked, id=23680, stack(0x0000007010500000,0x0000007010600000)]
  0x0000017a155c4940 JavaThread "Unconstrained build operations Thread 21" [_thread_blocked, id=20148, stack(0x0000007010600000,0x0000007010700000)]
  0x0000017a155c3f20 JavaThread "Unconstrained build operations Thread 22" [_thread_blocked, id=20504, stack(0x0000007010700000,0x0000007010800000)]
  0x0000017a155c7be0 JavaThread "Unconstrained build operations Thread 23" [_thread_blocked, id=16824, stack(0x0000007010800000,0x0000007010900000)]
  0x0000017a155c4e50 JavaThread "Unconstrained build operations Thread 24" [_thread_blocked, id=21000, stack(0x0000007010900000,0x0000007010a00000)]
  0x0000017a155c5360 JavaThread "Unconstrained build operations Thread 25" [_thread_blocked, id=23352, stack(0x0000007010a00000,0x0000007010b00000)]
  0x0000017a155c6290 JavaThread "Unconstrained build operations Thread 26" [_thread_blocked, id=24088, stack(0x0000007010b00000,0x0000007010c00000)]
  0x0000017a155c5870 JavaThread "Unconstrained build operations Thread 27" [_thread_blocked, id=23908, stack(0x0000007010c00000,0x0000007010d00000)]
  0x0000017a155c6cb0 JavaThread "Unconstrained build operations Thread 28" [_thread_blocked, id=8652, stack(0x0000007010d00000,0x0000007010e00000)]
  0x0000017a155c71c0 JavaThread "Unconstrained build operations Thread 29" [_thread_blocked, id=7620, stack(0x0000007010e00000,0x0000007010f00000)]
  0x0000017a155c76d0 JavaThread "Unconstrained build operations Thread 30" [_thread_blocked, id=872, stack(0x0000007010f00000,0x0000007011000000)]
  0x0000017a155c4430 JavaThread "Unconstrained build operations Thread 31" [_thread_blocked, id=21024, stack(0x0000007011000000,0x0000007011100000)]
  0x0000017a155c80f0 JavaThread "Unconstrained build operations Thread 32" [_thread_blocked, id=23292, stack(0x0000007011100000,0x0000007011200000)]
  0x0000017a155c8600 JavaThread "Unconstrained build operations Thread 33" [_thread_blocked, id=12680, stack(0x0000007011200000,0x0000007011300000)]
  0x0000017a155c8b10 JavaThread "jar transforms Thread 8" [_thread_blocked, id=24080, stack(0x0000007011300000,0x0000007011400000)]
  0x0000017a155c9020 JavaThread "jar transforms Thread 9" [_thread_blocked, id=18352, stack(0x0000007011400000,0x0000007011500000)]
  0x0000017a155c9530 JavaThread "jar transforms Thread 10" [_thread_blocked, id=20472, stack(0x0000007011500000,0x0000007011600000)]
  0x0000017a155c5d80 JavaThread "jar transforms Thread 11" [_thread_blocked, id=4496, stack(0x0000007011600000,0x0000007011700000)]
  0x0000017a155cb390 JavaThread "jar transforms Thread 12" [_thread_blocked, id=23468, stack(0x0000007011700000,0x0000007011800000)]
  0x0000017a155c9f50 JavaThread "build event listener" [_thread_blocked, id=18424, stack(0x0000007011800000,0x0000007011900000)]
  0x0000017a155cb8a0 JavaThread "Memory manager" [_thread_blocked, id=14216, stack(0x0000007011900000,0x0000007011a00000)]
  0x0000017a155ca970 JavaThread "Cache worker for Build Output Cleanup Cache (C:\Users\Master Union\Desktop\AppDev\MyApp\android\.gradle\buildOutputCleanup)" [_thread_blocked, id=22476, stack(0x000000700eb00000,0x000000700ec00000)]
  0x0000017a155cae80 JavaThread "included builds" [_thread_blocked, id=14580, stack(0x0000007011a00000,0x0000007011b00000)]
  0x00000179cb824830 JavaThread "Execution worker" [_thread_blocked, id=10648, stack(0x0000007011b00000,0x0000007011c00000)]
  0x0000017a16281810 JavaThread "Execution worker Thread 2" [_thread_blocked, id=7976, stack(0x0000007011c00000,0x0000007011d00000)]
  0x0000017a162808e0 JavaThread "Execution worker Thread 3" [_thread_blocked, id=1176, stack(0x0000007011d00000,0x0000007011e00000)]
  0x0000017a1627fec0 JavaThread "Execution worker Thread 4" [_thread_blocked, id=2084, stack(0x0000007011e00000,0x0000007011f00000)]
  0x0000017a1627e570 JavaThread "Execution worker Thread 5" [_thread_blocked, id=4624, stack(0x0000007011f00000,0x0000007012000000)]
  0x0000017a1627ea80 JavaThread "Execution worker Thread 6" [_thread_blocked, id=21380, stack(0x0000007012000000,0x0000007012100000)]
  0x0000017a1627e060 JavaThread "Execution worker Thread 7" [_thread_blocked, id=7512, stack(0x0000007012100000,0x0000007012200000)]
  0x0000017a16281d20 JavaThread "Execution worker Thread 8" [_thread_blocked, id=22140, stack(0x0000007012200000,0x0000007012300000)]
  0x0000017a1627ef90 JavaThread "Execution worker Thread 9" [_thread_blocked, id=22560, stack(0x0000007012300000,0x0000007012400000)]
  0x0000017a16280df0 JavaThread "Execution worker Thread 10" [_thread_blocked, id=23360, stack(0x0000007012400000,0x0000007012500000)]
  0x0000017a16282740 JavaThread "Execution worker Thread 11" [_thread_blocked, id=15912, stack(0x0000007012500000,0x0000007012600000)]
  0x0000017a16282230 JavaThread "Cache worker for execution history cache (C:\Users\Master Union\Desktop\AppDev\MyApp\node_modules\react-native-gradle-plugin\.gradle\7.5.1\executionHistory)" [_thread_blocked, id=5596, stack(0x0000007012600000,0x0000007012700000)]
  0x0000017a16282c50 JavaThread "Unconstrained build operations Thread 34" [_thread_blocked, id=4820, stack(0x0000007012700000,0x0000007012800000)]
  0x0000017a162803d0 JavaThread "Unconstrained build operations Thread 35" [_thread_blocked, id=13680, stack(0x0000007012800000,0x0000007012900000)]
  0x0000017a1627f4a0 JavaThread "Unconstrained build operations Thread 36" [_thread_blocked, id=14356, stack(0x0000007012900000,0x0000007012a00000)]
  0x0000017a1627f9b0 JavaThread "Unconstrained build operations Thread 37" [_thread_blocked, id=23184, stack(0x0000007012a00000,0x0000007012b00000)]
  0x0000017a16283160 JavaThread "Unconstrained build operations Thread 38" [_thread_blocked, id=3188, stack(0x0000007012b00000,0x0000007012c00000)]
  0x0000017a162859e0 JavaThread "Unconstrained build operations Thread 39" [_thread_blocked, id=5892, stack(0x0000007012c00000,0x0000007012d00000)]
  0x0000017a16283670 JavaThread "Unconstrained build operations Thread 40" [_thread_blocked, id=11920, stack(0x0000007012d00000,0x0000007012e00000)]
  0x0000017a16284ab0 JavaThread "Unconstrained build operations Thread 41" [_thread_blocked, id=24180, stack(0x0000007012e00000,0x0000007012f00000)]
  0x0000017a16284090 JavaThread "Unconstrained build operations Thread 42" [_thread_blocked, id=20624, stack(0x0000007012f00000,0x0000007013000000)]
  0x0000017a162845a0 JavaThread "Unconstrained build operations Thread 43" [_thread_blocked, id=5060, stack(0x0000007013000000,0x0000007013100000)]
  0x0000017a16283b80 JavaThread "Unconstrained build operations Thread 44" [_thread_blocked, id=13872, stack(0x0000007013100000,0x0000007013200000)]
  0x0000017a16284fc0 JavaThread "Unconstrained build operations Thread 45" [_thread_blocked, id=15960, stack(0x0000007013200000,0x0000007013300000)]
  0x0000017a162854d0 JavaThread "Unconstrained build operations Thread 46" [_thread_blocked, id=21408, stack(0x0000007013300000,0x0000007013400000)]
  0x0000017a162fe2e0 JavaThread "Unconstrained build operations Thread 47" [_thread_blocked, id=13640, stack(0x0000007013400000,0x0000007013500000)]
  0x0000017a162fd3b0 JavaThread "Unconstrained build operations Thread 48" [_thread_blocked, id=18264, stack(0x0000007013500000,0x0000007013600000)]
  0x0000017a162fd8c0 JavaThread "Unconstrained build operations Thread 49" [_thread_blocked, id=23576, stack(0x0000007013600000,0x0000007013700000)]
  0x0000017a162fddd0 JavaThread "Unconstrained build operations Thread 50" [_thread_blocked, id=4376, stack(0x0000007013700000,0x0000007013800000)]
  0x0000017a162fba60 JavaThread "Unconstrained build operations Thread 51" [_thread_blocked, id=10920, stack(0x0000007013800000,0x0000007013900000)]
  0x0000017a162fab30 JavaThread "Unconstrained build operations Thread 52" [_thread_blocked, id=3584, stack(0x0000007013900000,0x0000007013a00000)]
  0x0000017a162fe7f0 JavaThread "Unconstrained build operations Thread 53" [_thread_blocked, id=1288, stack(0x0000007013a00000,0x0000007013b00000)]
  0x0000017a162fb550 JavaThread "Unconstrained build operations Thread 54" [_thread_blocked, id=11896, stack(0x0000007013b00000,0x0000007013c00000)]
  0x0000017a162fed00 JavaThread "Unconstrained build operations Thread 55" [_thread_blocked, id=14676, stack(0x0000007013c00000,0x0000007013d00000)]
  0x0000017a162fbf70 JavaThread "Unconstrained build operations Thread 56" [_thread_blocked, id=15148, stack(0x0000007013d00000,0x0000007013e00000)]
  0x0000017a162fc480 JavaThread "Unconstrained build operations Thread 57" [_thread_blocked, id=17704, stack(0x0000007013e00000,0x0000007013f00000)]
  0x0000017a162fcea0 JavaThread "Unconstrained build operations Thread 58" [_thread_blocked, id=496, stack(0x0000007013f00000,0x0000007014000000)]
  0x0000017a162ff210 JavaThread "Unconstrained build operations Thread 59" [_thread_blocked, id=20808, stack(0x0000007014000000,0x0000007014100000)]
  0x0000017a162ffc30 JavaThread "Unconstrained build operations Thread 60" [_thread_blocked, id=17036, stack(0x0000007014100000,0x0000007014200000)]
  0x0000017a162ff720 JavaThread "Unconstrained build operations Thread 61" [_thread_blocked, id=2740, stack(0x0000007014200000,0x0000007014300000)]
  0x0000017a16300140 JavaThread "Unconstrained build operations Thread 62" [_thread_blocked, id=7768, stack(0x0000007014300000,0x0000007014400000)]
  0x0000017a162fc990 JavaThread "Unconstrained build operations Thread 63" [_thread_blocked, id=19468, stack(0x0000007014400000,0x0000007014500000)]
  0x0000017a16300650 JavaThread "Unconstrained build operations Thread 64" [_thread_blocked, id=18720, stack(0x0000007014500000,0x0000007014600000)]
  0x0000017a16301a90 JavaThread "Unconstrained build operations Thread 65" [_thread_blocked, id=23396, stack(0x0000007014600000,0x0000007014700000)]
  0x0000017a16300b60 JavaThread "Unconstrained build operations Thread 66" [_thread_blocked, id=13332, stack(0x0000007014700000,0x0000007014800000)]
  0x0000017a16301070 JavaThread "Unconstrained build operations Thread 67" [_thread_blocked, id=6648, stack(0x0000007014800000,0x0000007014900000)]
  0x0000017a16301580 JavaThread "Unconstrained build operations Thread 68" [_thread_blocked, id=12948, stack(0x0000007014900000,0x0000007014a00000)]
  0x0000017a163024b0 JavaThread "Unconstrained build operations Thread 69" [_thread_blocked, id=4068, stack(0x0000007014a00000,0x0000007014b00000)]
  0x0000017a16301fa0 JavaThread "Unconstrained build operations Thread 70" [_thread_blocked, id=17676, stack(0x0000007014b00000,0x0000007014c00000)]
  0x0000017a14248b40 JavaThread "Unconstrained build operations Thread 71" [_thread_blocked, id=17848, stack(0x0000007014c00000,0x0000007014d00000)]
  0x0000017a14249050 JavaThread "Unconstrained build operations Thread 72" [_thread_blocked, id=6328, stack(0x0000007014d00000,0x0000007014e00000)]
  0x0000017a14249560 JavaThread "Unconstrained build operations Thread 73" [_thread_blocked, id=23100, stack(0x0000007014e00000,0x0000007014f00000)]
  0x0000017a142471f0 JavaThread "Unconstrained build operations Thread 74" [_thread_blocked, id=17212, stack(0x0000007014f00000,0x0000007015000000)]
  0x0000017a14248120 JavaThread "Unconstrained build operations Thread 75" [_thread_blocked, id=21720, stack(0x0000007015000000,0x0000007015100000)]
  0x0000017a14245db0 JavaThread "Unconstrained build operations Thread 76" [_thread_blocked, id=23792, stack(0x0000007015100000,0x0000007015200000)]
  0x0000017a14246ce0 JavaThread "Unconstrained build operations Thread 77" [_thread_blocked, id=12608, stack(0x0000007015200000,0x0000007015300000)]
  0x0000017a14248630 JavaThread "Unconstrained build operations Thread 78" [_thread_blocked, id=1388, stack(0x0000007015300000,0x0000007015400000)]
  0x0000017a14247700 JavaThread "Unconstrained build operations Thread 79" [_thread_blocked, id=22872, stack(0x0000007015400000,0x0000007015500000)]
  0x0000017a14249a70 JavaThread "Unconstrained build operations Thread 80" [_thread_blocked, id=3536, stack(0x0000007015500000,0x0000007015600000)]
  0x0000017a14247c10 JavaThread "Unconstrained build operations Thread 81" [_thread_blocked, id=20592, stack(0x0000007015600000,0x0000007015700000)]
  0x0000017a142462c0 JavaThread "Unconstrained build operations Thread 82" [_thread_blocked, id=16020, stack(0x0000007015700000,0x0000007015800000)]
  0x0000017a14249f80 JavaThread "Unconstrained build operations Thread 83" [_thread_blocked, id=6620, stack(0x0000007015800000,0x0000007015900000)]
  0x0000017a142467d0 JavaThread "Unconstrained build operations Thread 84" [_thread_blocked, id=7412, stack(0x0000007015900000,0x0000007015a00000)]
  0x0000017a1424aeb0 JavaThread "Unconstrained build operations Thread 85" [_thread_blocked, id=21752, stack(0x0000007015a00000,0x0000007015b00000)]
  0x0000017a1424cd10 JavaThread "Unconstrained build operations Thread 86" [_thread_blocked, id=10488, stack(0x0000007015b00000,0x0000007015c00000)]
  0x0000017a1424b3c0 JavaThread "Unconstrained build operations Thread 87" [_thread_blocked, id=12428, stack(0x0000007015c00000,0x0000007015d00000)]
  0x0000017a1424a490 JavaThread "Unconstrained build operations Thread 88" [_thread_blocked, id=6088, stack(0x0000007015d00000,0x0000007015e00000)]
  0x0000017a1424c2f0 JavaThread "Unconstrained build operations Thread 89" [_thread_blocked, id=24028, stack(0x0000007015e00000,0x0000007015f00000)]
  0x0000017a1424b8d0 JavaThread "Unconstrained build operations Thread 90" [_thread_blocked, id=23212, stack(0x0000007015f00000,0x0000007016000000)]
  0x0000017a1424bde0 JavaThread "Unconstrained build operations Thread 91" [_thread_blocked, id=9148, stack(0x0000007016000000,0x0000007016100000)]
  0x0000017a1424c800 JavaThread "Unconstrained build operations Thread 92" [_thread_blocked, id=7840, stack(0x0000007016100000,0x0000007016200000)]
  0x0000017a1424d220 JavaThread "Unconstrained build operations Thread 93" [_thread_blocked, id=17812, stack(0x0000007016200000,0x0000007016300000)]
  0x0000017a1424d730 JavaThread "Unconstrained build operations Thread 94" [_thread_blocked, id=17832, stack(0x0000007016300000,0x0000007016400000)]
  0x0000017a1424a9a0 JavaThread "Unconstrained build operations Thread 95" [_thread_blocked, id=2600, stack(0x0000007016400000,0x0000007016500000)]
  0x0000017a1374e690 JavaThread "Unconstrained build operations Thread 96" [_thread_blocked, id=10168, stack(0x0000007016500000,0x0000007016600000)]
  0x0000017a13751e40 JavaThread "Unconstrained build operations Thread 97" [_thread_blocked, id=13484, stack(0x0000007016600000,0x0000007016700000)]
  0x0000017a1374f5c0 JavaThread "Unconstrained build operations Thread 98" [_thread_blocked, id=10664, stack(0x0000007016700000,0x0000007016800000)]
  0x0000017a13750a00 JavaThread "Unconstrained build operations Thread 99" [_thread_blocked, id=22472, stack(0x0000007016800000,0x0000007016900000)]
  0x0000017a13750f10 JavaThread "Unconstrained build operations Thread 100" [_thread_blocked, id=7580, stack(0x0000007016900000,0x0000007016a00000)]
  0x0000017a1374eba0 JavaThread "Unconstrained build operations Thread 101" [_thread_blocked, id=17576, stack(0x0000007016a00000,0x0000007016b00000)]
  0x0000017a13751930 JavaThread "Unconstrained build operations Thread 102" [_thread_blocked, id=7860, stack(0x0000007016b00000,0x0000007016c00000)]
  0x0000017a1374fad0 JavaThread "Unconstrained build operations Thread 103" [_thread_blocked, id=7872, stack(0x0000007016c00000,0x0000007016d00000)]
  0x0000017a13752350 JavaThread "Unconstrained build operations Thread 104" [_thread_blocked, id=24204, stack(0x0000007016d00000,0x0000007016e00000)]
  0x0000017a1374ffe0 JavaThread "Unconstrained build operations Thread 105" [_thread_blocked, id=18820, stack(0x0000007016e00000,0x0000007016f00000)]
  0x0000017a13752860 JavaThread "Unconstrained build operations Thread 106" [_thread_blocked, id=13492, stack(0x0000007016f00000,0x0000007017000000)]
  0x0000017a137504f0 JavaThread "Unconstrained build operations Thread 107" [_thread_blocked, id=6968, stack(0x0000007017000000,0x0000007017100000)]
  0x0000017a1374f0b0 JavaThread "Unconstrained build operations Thread 108" [_thread_blocked, id=6244, stack(0x0000007017100000,0x0000007017200000)]
  0x0000017a13754bd0 JavaThread "Unconstrained build operations Thread 109" [_thread_blocked, id=4892, stack(0x0000007017200000,0x0000007017300000)]
  0x0000017a13752d70 JavaThread "Unconstrained build operations Thread 110" [_thread_blocked, id=8056, stack(0x0000007017300000,0x0000007017400000)]
  0x0000017a137541b0 JavaThread "Unconstrained build operations Thread 111" [_thread_blocked, id=16808, stack(0x0000007017400000,0x0000007017500000)]
  0x0000017a13753280 JavaThread "Unconstrained build operations Thread 112" [_thread_blocked, id=21376, stack(0x0000007017500000,0x0000007017600000)]
  0x0000017a13751420 JavaThread "Unconstrained build operations Thread 113" [_thread_blocked, id=23612, stack(0x0000007017600000,0x0000007017700000)]
  0x0000017a137546c0 JavaThread "Unconstrained build operations Thread 114" [_thread_blocked, id=11088, stack(0x0000007017700000,0x0000007017800000)]
  0x0000017a13753ca0 JavaThread "Unconstrained build operations Thread 115" [_thread_blocked, id=22752, stack(0x0000007017800000,0x0000007017900000)]
  0x0000017a137550e0 JavaThread "Unconstrained build operations Thread 116" [_thread_blocked, id=16732, stack(0x0000007017900000,0x0000007017a00000)]
  0x0000017a13756010 JavaThread "Unconstrained build operations Thread 117" [_thread_blocked, id=15948, stack(0x0000007017a00000,0x0000007017b00000)]
  0x0000017a137555f0 JavaThread "Unconstrained build operations Thread 118" [_thread_blocked, id=16724, stack(0x0000007017b00000,0x0000007017c00000)]
  0x0000017a13755b00 JavaThread "Unconstrained build operations Thread 119" [_thread_blocked, id=9800, stack(0x0000007017c00000,0x0000007017d00000)]
  0x0000017a13753790 JavaThread "Unconstrained build operations Thread 120" [_thread_blocked, id=17144, stack(0x0000007017d00000,0x0000007017e00000)]
  0x0000017a148ffe50 JavaThread "C2 CompilerThread1" daemon [_thread_blocked, id=11520, stack(0x000000700c600000,0x000000700c700000)]
  0x0000017a15320c20 JavaThread "pool-3-thread-1" [_thread_blocked, id=16664, stack(0x0000007017e00000,0x0000007017f00000)]
  0x0000017a15321b50 JavaThread "build event listener" [_thread_blocked, id=6740, stack(0x0000007017f00000,0x0000007018000000)]
  0x0000017a15320710 JavaThread "Cache worker for execution history cache (C:\Users\Master Union\Desktop\AppDev\MyApp\android\.gradle\7.5.1\executionHistory)" [_thread_blocked, id=7352, stack(0x0000007018000000,0x0000007018100000)]
  0x0000017a15322a80 JavaThread "WorkerExecutor Queue" [_thread_blocked, id=17896, stack(0x0000007018100000,0x0000007018200000)]

Other Threads:
=>0x00000179cb271040 VMThread "VM Thread" [stack: 0x000000700b900000,0x000000700ba00000] [id=6072]
  0x00000179cb3ec670 WatcherThread [stack: 0x000000700c500000,0x000000700c600000] [id=19996]
  0x00000179a7ddc890 GCTaskThread "GC Thread#0" [stack: 0x000000700b400000,0x000000700b500000] [id=916]
  0x00000179cb901e50 GCTaskThread "GC Thread#1" [stack: 0x000000700c700000,0x000000700c800000] [id=18824]
  0x00000179cbe93930 GCTaskThread "GC Thread#2" [stack: 0x000000700c800000,0x000000700c900000] [id=18340]
  0x00000179cbe93c00 GCTaskThread "GC Thread#3" [stack: 0x000000700c900000,0x000000700ca00000] [id=18888]
  0x00000179cbe68a10 GCTaskThread "GC Thread#4" [stack: 0x000000700ca00000,0x000000700cb00000] [id=14412]
  0x00000179cbe67390 GCTaskThread "GC Thread#5" [stack: 0x000000700d800000,0x000000700d900000] [id=23296]
  0x00000179cbe670c0 GCTaskThread "GC Thread#6" [stack: 0x000000700d900000,0x000000700da00000] [id=15392]
  0x00000179cbe67660 GCTaskThread "GC Thread#7" [stack: 0x000000700da00000,0x000000700db00000] [id=5848]
  0x00000179cbe67c00 GCTaskThread "GC Thread#8" [stack: 0x000000700db00000,0x000000700dc00000] [id=15156]
  0x00000179cbe67ed0 GCTaskThread "GC Thread#9" [stack: 0x000000700dc00000,0x000000700dd00000] [id=5604]
  0x00000179a7ded860 ConcurrentGCThread "G1 Main Marker" [stack: 0x000000700b500000,0x000000700b600000] [id=5568]
  0x00000179a7deed00 ConcurrentGCThread "G1 Conc#0" [stack: 0x000000700b600000,0x000000700b700000] [id=11576]
  0x0000017a12893820 ConcurrentGCThread "G1 Conc#1" [stack: 0x000000700e400000,0x000000700e500000] [id=1636]
  0x0000017a12893af0 ConcurrentGCThread "G1 Conc#2" [stack: 0x000000700e500000,0x000000700e600000] [id=18712]
  0x00000179cb1297e0 ConcurrentGCThread "G1 Refine#0" [stack: 0x000000700b700000,0x000000700b800000] [id=22888]
  0x00000179a7e1e640 ConcurrentGCThread "G1 Service" [stack: 0x000000700b800000,0x000000700b900000] [id=20280]

Threads with active compile tasks:
C2 CompilerThread0  21192 13430       4       com.android.tools.r8.internal.Gf::e (297 bytes)
C1 CompilerThread0  21192 13541       3       com.android.tools.r8.graph.y2::a (175 bytes)
C2 CompilerThread1  21192 13429       4       java.util.HashMap::computeIfAbsent (330 bytes)

VM state: at safepoint (normal execution)

VM Mutex/Monitor currently owned by a thread:  ([mutex/lock_event])
[0x00000179a7d682c0] Threads_lock - owner thread: 0x00000179cb271040
[0x00000179a7d670c0] Heap_lock - owner thread: 0x0000017a155cae80

Heap address: 0x0000000700000000, size: 4096 MB, Compressed Oops mode: Zero based, Oop shift amount: 3

CDS archive(s) mapped at: [0x00000179cc000000-0x00000179ccbb0000-0x00000179ccbb0000), size 12255232, SharedBaseAddress: 0x00000179cc000000, ArchiveRelocationMode: 1.
Compressed class space mapped at: 0x00000179cd000000-0x0000017a0d000000, reserved size: 1073741824
Narrow klass base: 0x00000179cc000000, Narrow klass shift: 0, Narrow klass range: 0x100000000

GC Precious Log:
 CPUs: 12 total, 12 available
 Memory: 6990M
 Large Page Support: Disabled
 NUMA Support: Disabled
 Compressed Oops: Enabled (Zero based)
 Heap Region Size: 2M
 Heap Min Capacity: 8M
 Heap Initial Capacity: 110M
 Heap Max Capacity: 4G
 Pre-touch: Disabled
 Parallel Workers: 10
 Concurrent Workers: 3
 Concurrent Refinement Workers: 10
 Periodic GC: Disabled

Heap:
 garbage-first heap   total 268288K, used 147868K [0x0000000700000000, 0x0000000800000000)
  region size 2048K, 6 young (12288K), 6 survivors (12288K)
 Metaspace       used 100826K, committed 101568K, reserved 1179648K
  class space    used 14490K, committed 14848K, reserved 1048576K

Heap Regions: E=young(eden), S=young(survivor), O=old, HS=humongous(starts), HC=humongous(continues), CS=collection set, F=free, OA=open archive, CA=closed archive, TAMS=top-at-mark-start (previous, next)
|   0|0x0000000700000000, 0x0000000700200000, 0x0000000700200000|100%| O|  |TAMS 0x0000000700200000, 0x0000000700200000| Untracked 
|   1|0x0000000700200000, 0x0000000700400000, 0x0000000700400000|100%| O|  |TAMS 0x0000000700400000, 0x0000000700400000| Untracked 
|   2|0x0000000700400000, 0x0000000700600000, 0x0000000700600000|100%|HS|  |TAMS 0x0000000700600000, 0x0000000700600000| Complete 
|   3|0x0000000700600000, 0x0000000700800000, 0x0000000700800000|100%|HC|  |TAMS 0x0000000700800000, 0x0000000700800000| Complete 
|   4|0x0000000700800000, 0x0000000700a00000, 0x0000000700a00000|100%| O|  |TAMS 0x0000000700a00000, 0x0000000700a00000| Untracked 
|   5|0x0000000700a00000, 0x0000000700c00000, 0x0000000700c00000|100%| O|  |TAMS 0x0000000700c00000, 0x0000000700c00000| Untracked 
|   6|0x0000000700c00000, 0x0000000700e00000, 0x0000000700e00000|100%| O|  |TAMS 0x0000000700e00000, 0x0000000700e00000| Untracked 
|   7|0x0000000700e00000, 0x0000000701000000, 0x0000000701000000|100%| O|  |TAMS 0x0000000701000000, 0x0000000701000000| Untracked 
|   8|0x0000000701000000, 0x0000000701200000, 0x0000000701200000|100%| O|  |TAMS 0x0000000701200000, 0x0000000701200000| Untracked 
|   9|0x0000000701200000, 0x0000000701400000, 0x0000000701400000|100%| O|  |TAMS 0x0000000701400000, 0x0000000701400000| Untracked 
|  10|0x0000000701400000, 0x0000000701600000, 0x0000000701600000|100%| O|  |TAMS 0x0000000701600000, 0x0000000701600000| Untracked 
|  11|0x0000000701600000, 0x0000000701800000, 0x0000000701800000|100%| O|  |TAMS 0x0000000701800000, 0x0000000701800000| Untracked 
|  12|0x0000000701800000, 0x0000000701a00000, 0x0000000701a00000|100%| O|  |TAMS 0x0000000701a00000, 0x0000000701a00000| Untracked 
|  13|0x0000000701a00000, 0x0000000701c00000, 0x0000000701c00000|100%| O|  |TAMS 0x0000000701c00000, 0x0000000701c00000| Untracked 
|  14|0x0000000701c00000, 0x0000000701e00000, 0x0000000701e00000|100%|HS|  |TAMS 0x0000000701e00000, 0x0000000701e00000| Complete 
|  15|0x0000000701e00000, 0x0000000702000000, 0x0000000702000000|100%|HC|  |TAMS 0x0000000702000000, 0x0000000702000000| Complete 
|  16|0x0000000702000000, 0x0000000702200000, 0x0000000702200000|100%| O|  |TAMS 0x0000000702200000, 0x0000000702200000| Untracked 
|  17|0x0000000702200000, 0x0000000702400000, 0x0000000702400000|100%| O|  |TAMS 0x0000000702400000, 0x0000000702400000| Untracked 
|  18|0x0000000702400000, 0x0000000702600000, 0x0000000702600000|100%| O|  |TAMS 0x0000000702600000, 0x0000000702600000| Untracked 
|  19|0x0000000702600000, 0x0000000702800000, 0x0000000702800000|100%| O|  |TAMS 0x0000000702800000, 0x0000000702800000| Untracked 
|  20|0x0000000702800000, 0x0000000702a00000, 0x0000000702a00000|100%| O|  |TAMS 0x0000000702a00000, 0x0000000702a00000| Untracked 
|  21|0x0000000702a00000, 0x0000000702c00000, 0x0000000702c00000|100%| O|  |TAMS 0x0000000702c00000, 0x0000000702c00000| Untracked 
|  22|0x0000000702c00000, 0x0000000702e00000, 0x0000000702e00000|100%| O|  |TAMS 0x0000000702e00000, 0x0000000702e00000| Untracked 
|  23|0x0000000702e00000, 0x0000000703000000, 0x0000000703000000|100%| O|  |TAMS 0x0000000703000000, 0x0000000703000000| Untracked 
|  24|0x0000000703000000, 0x0000000703200000, 0x0000000703200000|100%| O|  |TAMS 0x0000000703200000, 0x0000000703200000| Untracked 
|  25|0x0000000703200000, 0x0000000703400000, 0x0000000703400000|100%| O|  |TAMS 0x0000000703400000, 0x0000000703400000| Untracked 
|  26|0x0000000703400000, 0x0000000703600000, 0x0000000703600000|100%| O|  |TAMS 0x0000000703600000, 0x0000000703600000| Untracked 
|  27|0x0000000703600000, 0x0000000703800000, 0x0000000703800000|100%|HS|  |TAMS 0x0000000703800000, 0x0000000703800000| Complete 
|  28|0x0000000703800000, 0x0000000703a00000, 0x0000000703a00000|100%| O|  |TAMS 0x0000000703a00000, 0x0000000703a00000| Untracked 
|  29|0x0000000703a00000, 0x0000000703c00000, 0x0000000703c00000|100%| O|  |TAMS 0x0000000703c00000, 0x0000000703c00000| Untracked 
|  30|0x0000000703c00000, 0x0000000703e00000, 0x0000000703e00000|100%| O|  |TAMS 0x0000000703e00000, 0x0000000703e00000| Untracked 
|  31|0x0000000703e00000, 0x0000000704000000, 0x0000000704000000|100%| O|  |TAMS 0x0000000704000000, 0x0000000704000000| Untracked 
|  32|0x0000000704000000, 0x0000000704200000, 0x0000000704200000|100%| O|  |TAMS 0x0000000704200000, 0x0000000704200000| Untracked 
|  33|0x0000000704200000, 0x0000000704400000, 0x0000000704400000|100%| O|  |TAMS 0x0000000704400000, 0x0000000704400000| Untracked 
|  34|0x0000000704400000, 0x0000000704600000, 0x0000000704600000|100%| O|  |TAMS 0x0000000704600000, 0x0000000704600000| Untracked 
|  35|0x0000000704600000, 0x0000000704800000, 0x0000000704800000|100%| O|  |TAMS 0x0000000704800000, 0x0000000704800000| Untracked 
|  36|0x0000000704800000, 0x0000000704a00000, 0x0000000704a00000|100%| O|  |TAMS 0x0000000704a00000, 0x0000000704a00000| Untracked 
|  37|0x0000000704a00000, 0x0000000704c00000, 0x0000000704c00000|100%| O|  |TAMS 0x0000000704c00000, 0x0000000704c00000| Untracked 
|  38|0x0000000704c00000, 0x0000000704e00000, 0x0000000704e00000|100%| O|  |TAMS 0x0000000704e00000, 0x0000000704e00000| Untracked 
|  39|0x0000000704e00000, 0x0000000705000000, 0x0000000705000000|100%| O|  |TAMS 0x0000000705000000, 0x0000000705000000| Untracked 
|  40|0x0000000705000000, 0x0000000705200000, 0x0000000705200000|100%| O|  |TAMS 0x0000000705200000, 0x0000000705200000| Untracked 
|  41|0x0000000705200000, 0x0000000705400000, 0x0000000705400000|100%| O|  |TAMS 0x0000000705400000, 0x0000000705400000| Untracked 
|  42|0x0000000705400000, 0x0000000705600000, 0x0000000705600000|100%| O|  |TAMS 0x0000000705600000, 0x0000000705600000| Untracked 
|  43|0x0000000705600000, 0x0000000705800000, 0x0000000705800000|100%| O|  |TAMS 0x0000000705800000, 0x0000000705800000| Untracked 
|  44|0x0000000705800000, 0x0000000705a00000, 0x0000000705a00000|100%| O|  |TAMS 0x0000000705a00000, 0x0000000705a00000| Untracked 
|  45|0x0000000705a00000, 0x0000000705c00000, 0x0000000705c00000|100%| O|  |TAMS 0x0000000705c00000, 0x0000000705c00000| Untracked 
|  46|0x0000000705c00000, 0x0000000705e00000, 0x0000000705e00000|100%| O|  |TAMS 0x0000000705e00000, 0x0000000705e00000| Untracked 
|  47|0x0000000705e00000, 0x0000000706000000, 0x0000000706000000|100%| O|  |TAMS 0x0000000705e1f200, 0x0000000706000000| Untracked 
|  48|0x0000000706000000, 0x0000000706200000, 0x0000000706200000|100%| O|  |TAMS 0x0000000706000000, 0x0000000706200000| Untracked 
|  49|0x0000000706200000, 0x0000000706400000, 0x0000000706400000|100%| O|  |TAMS 0x0000000706200000, 0x0000000706400000| Untracked 
|  50|0x0000000706400000, 0x0000000706600000, 0x0000000706600000|100%| O|  |TAMS 0x0000000706400000, 0x0000000706600000| Untracked 
|  51|0x0000000706600000, 0x0000000706800000, 0x0000000706800000|100%| O|  |TAMS 0x0000000706600000, 0x0000000706800000| Untracked 
|  52|0x0000000706800000, 0x0000000706a00000, 0x0000000706a00000|100%| O|  |TAMS 0x0000000706800000, 0x0000000706a00000| Untracked 
|  53|0x0000000706a00000, 0x0000000706c00000, 0x0000000706c00000|100%| O|  |TAMS 0x0000000706a00000, 0x0000000706b15c00| Untracked 
|  54|0x0000000706c00000, 0x0000000706e00000, 0x0000000706e00000|100%| O|  |TAMS 0x0000000706c00000, 0x0000000706c00000| Untracked 
|  55|0x0000000706e00000, 0x0000000707000000, 0x0000000707000000|100%|HS|  |TAMS 0x0000000706e00000, 0x0000000707000000| Complete 
|  56|0x0000000707000000, 0x0000000707200000, 0x0000000707200000|100%| O|  |TAMS 0x0000000707000000, 0x0000000707000000| Untracked 
|  57|0x0000000707200000, 0x0000000707400000, 0x0000000707400000|100%| O|  |TAMS 0x0000000707200000, 0x0000000707200000| Untracked 
|  58|0x0000000707400000, 0x0000000707600000, 0x0000000707600000|100%| O|  |TAMS 0x0000000707400000, 0x0000000707400000| Untracked 
|  59|0x0000000707600000, 0x0000000707800000, 0x0000000707800000|100%| O|  |TAMS 0x0000000707600000, 0x0000000707600000| Untracked 
|  60|0x0000000707800000, 0x0000000707a00000, 0x0000000707a00000|100%| O|  |TAMS 0x0000000707800000, 0x0000000707a00000| Untracked 
|  61|0x0000000707a00000, 0x0000000707c00000, 0x0000000707c00000|100%| O|  |TAMS 0x0000000707a00000, 0x0000000707c00000| Untracked 
|  62|0x0000000707c00000, 0x0000000707e00000, 0x0000000707e00000|100%| O|  |TAMS 0x0000000707c00000, 0x0000000707e00000| Untracked 
|  63|0x0000000707e00000, 0x0000000708000000, 0x0000000708000000|100%| O|  |TAMS 0x0000000707e00000, 0x0000000708000000| Untracked 
|  64|0x0000000708000000, 0x0000000708200000, 0x0000000708200000|100%| O|  |TAMS 0x0000000708000000, 0x0000000708200000| Untracked 
|  65|0x0000000708200000, 0x0000000708400000, 0x0000000708400000|100%| O|  |TAMS 0x0000000708200000, 0x0000000708400000| Untracked 
|  66|0x0000000708400000, 0x0000000708467000, 0x0000000708600000| 20%| O|  |TAMS 0x0000000708400000, 0x0000000708400000| Untracked 
|  67|0x0000000708600000, 0x0000000708600000, 0x0000000708800000|  0%| F|  |TAMS 0x0000000708600000, 0x0000000708600000| Untracked 
|  68|0x0000000708800000, 0x0000000708800000, 0x0000000708a00000|  0%| F|  |TAMS 0x0000000708800000, 0x0000000708800000| Untracked 
|  69|0x0000000708a00000, 0x0000000708a00000, 0x0000000708c00000|  0%| F|  |TAMS 0x0000000708a00000, 0x0000000708a00000| Untracked 
|  70|0x0000000708c00000, 0x0000000708c00000, 0x0000000708e00000|  0%| F|  |TAMS 0x0000000708c00000, 0x0000000708c00000| Untracked 
|  71|0x0000000708e00000, 0x0000000708e00000, 0x0000000709000000|  0%| F|  |TAMS 0x0000000708e00000, 0x0000000708e00000| Untracked 
|  72|0x0000000709000000, 0x0000000709000000, 0x0000000709200000|  0%| F|  |TAMS 0x0000000709000000, 0x0000000709000000| Untracked 
|  73|0x0000000709200000, 0x0000000709200000, 0x0000000709400000|  0%| F|  |TAMS 0x0000000709200000, 0x0000000709200000| Untracked 
|  74|0x0000000709400000, 0x0000000709400000, 0x0000000709600000|  0%| F|  |TAMS 0x0000000709400000, 0x0000000709400000| Untracked 
|  75|0x0000000709600000, 0x0000000709600000, 0x0000000709800000|  0%| F|  |TAMS 0x0000000709600000, 0x0000000709600000| Untracked 
|  76|0x0000000709800000, 0x0000000709800000, 0x0000000709a00000|  0%| F|  |TAMS 0x0000000709800000, 0x0000000709800000| Untracked 
|  77|0x0000000709a00000, 0x0000000709a00000, 0x0000000709c00000|  0%| F|  |TAMS 0x0000000709a00000, 0x0000000709a00000| Untracked 
|  78|0x0000000709c00000, 0x0000000709c00000, 0x0000000709e00000|  0%| F|  |TAMS 0x0000000709c00000, 0x0000000709c00000| Untracked 
|  79|0x0000000709e00000, 0x0000000709e00000, 0x000000070a000000|  0%| F|  |TAMS 0x0000000709e00000, 0x0000000709e00000| Untracked 
|  80|0x000000070a000000, 0x000000070a000000, 0x000000070a200000|  0%| F|  |TAMS 0x000000070a000000, 0x000000070a000000| Untracked 
|  81|0x000000070a200000, 0x000000070a200000, 0x000000070a400000|  0%| F|  |TAMS 0x000000070a200000, 0x000000070a200000| Untracked 
|  82|0x000000070a400000, 0x000000070a400000, 0x000000070a600000|  0%| F|  |TAMS 0x000000070a400000, 0x000000070a400000| Untracked 
|  83|0x000000070a600000, 0x000000070a600000, 0x000000070a800000|  0%| F|  |TAMS 0x000000070a600000, 0x000000070a600000| Untracked 
|  84|0x000000070a800000, 0x000000070a800000, 0x000000070aa00000|  0%| F|  |TAMS 0x000000070a800000, 0x000000070a800000| Untracked 
|  85|0x000000070aa00000, 0x000000070aa00000, 0x000000070ac00000|  0%| F|  |TAMS 0x000000070aa00000, 0x000000070aa00000| Untracked 
|  86|0x000000070ac00000, 0x000000070ac00000, 0x000000070ae00000|  0%| F|  |TAMS 0x000000070ac00000, 0x000000070ac00000| Untracked 
|  87|0x000000070ae00000, 0x000000070ae00000, 0x000000070b000000|  0%| F|  |TAMS 0x000000070ae00000, 0x000000070ae00000| Untracked 
|  88|0x000000070b000000, 0x000000070b000000, 0x000000070b200000|  0%| F|  |TAMS 0x000000070b000000, 0x000000070b000000| Untracked 
|  89|0x000000070b200000, 0x000000070b400000, 0x000000070b400000|100%| S|CS|TAMS 0x000000070b200000, 0x000000070b200000| Complete 
|  90|0x000000070b400000, 0x000000070b600000, 0x000000070b600000|100%| S|CS|TAMS 0x000000070b400000, 0x000000070b400000| Complete 
|  91|0x000000070b600000, 0x000000070b800000, 0x000000070b800000|100%| S|CS|TAMS 0x000000070b600000, 0x000000070b600000| Complete 
|  92|0x000000070b800000, 0x000000070ba00000, 0x000000070ba00000|100%| S|CS|TAMS 0x000000070b800000, 0x000000070b800000| Complete 
|  93|0x000000070ba00000, 0x000000070bc00000, 0x000000070bc00000|100%| S|CS|TAMS 0x000000070ba00000, 0x000000070ba00000| Complete 
|  94|0x000000070bc00000, 0x000000070be00000, 0x000000070be00000|100%| S|CS|TAMS 0x000000070bc00000, 0x000000070bc00000| Complete 
|  95|0x000000070be00000, 0x000000070be00000, 0x000000070c000000|  0%| F|  |TAMS 0x000000070be00000, 0x000000070be00000| Untracked 
|  96|0x000000070c000000, 0x000000070c000000, 0x000000070c200000|  0%| F|  |TAMS 0x000000070c000000, 0x000000070c000000| Untracked 
|  97|0x000000070c200000, 0x000000070c200000, 0x000000070c400000|  0%| F|  |TAMS 0x000000070c200000, 0x000000070c200000| Untracked 
|  98|0x000000070c400000, 0x000000070c400000, 0x000000070c600000|  0%| F|  |TAMS 0x000000070c400000, 0x000000070c400000| Untracked 
|  99|0x000000070c600000, 0x000000070c600000, 0x000000070c800000|  0%| F|  |TAMS 0x000000070c600000, 0x000000070c600000| Untracked 
| 100|0x000000070c800000, 0x000000070c800000, 0x000000070ca00000|  0%| F|  |TAMS 0x000000070c800000, 0x000000070c800000| Untracked 
| 101|0x000000070ca00000, 0x000000070ca00000, 0x000000070cc00000|  0%| F|  |TAMS 0x000000070ca00000, 0x000000070ca00000| Untracked 
| 102|0x000000070cc00000, 0x000000070cc00000, 0x000000070ce00000|  0%| F|  |TAMS 0x000000070cc00000, 0x000000070cc00000| Untracked 
| 103|0x000000070ce00000, 0x000000070ce00000, 0x000000070d000000|  0%| F|  |TAMS 0x000000070ce00000, 0x000000070ce00000| Untracked 
| 104|0x000000070d000000, 0x000000070d000000, 0x000000070d200000|  0%| F|  |TAMS 0x000000070d000000, 0x000000070d000000| Untracked 
| 105|0x000000070d200000, 0x000000070d200000, 0x000000070d400000|  0%| F|  |TAMS 0x000000070d200000, 0x000000070d200000| Untracked 
| 106|0x000000070d400000, 0x000000070d400000, 0x000000070d600000|  0%| F|  |TAMS 0x000000070d400000, 0x000000070d400000| Untracked 
| 107|0x000000070d600000, 0x000000070d600000, 0x000000070d800000|  0%| F|  |TAMS 0x000000070d600000, 0x000000070d600000| Untracked 
| 108|0x000000070d800000, 0x000000070d800000, 0x000000070da00000|  0%| F|  |TAMS 0x000000070d800000, 0x000000070d800000| Untracked 
| 109|0x000000070da00000, 0x000000070da00000, 0x000000070dc00000|  0%| F|  |TAMS 0x000000070da00000, 0x000000070da00000| Untracked 
| 110|0x000000070dc00000, 0x000000070dc00000, 0x000000070de00000|  0%| F|  |TAMS 0x000000070dc00000, 0x000000070dc00000| Untracked 
| 111|0x000000070de00000, 0x000000070de00000, 0x000000070e000000|  0%| F|  |TAMS 0x000000070de00000, 0x000000070de00000| Untracked 
| 112|0x000000070e000000, 0x000000070e000000, 0x000000070e200000|  0%| F|  |TAMS 0x000000070e000000, 0x000000070e000000| Untracked 
| 113|0x000000070e200000, 0x000000070e200000, 0x000000070e400000|  0%| F|  |TAMS 0x000000070e200000, 0x000000070e200000| Untracked 
| 114|0x000000070e400000, 0x000000070e400000, 0x000000070e600000|  0%| F|  |TAMS 0x000000070e400000, 0x000000070e400000| Untracked 
| 115|0x000000070e600000, 0x000000070e600000, 0x000000070e800000|  0%| F|  |TAMS 0x000000070e600000, 0x000000070e600000| Untracked 
| 116|0x000000070e800000, 0x000000070e800000, 0x000000070ea00000|  0%| F|  |TAMS 0x000000070e800000, 0x000000070e800000| Untracked 
| 117|0x000000070ea00000, 0x000000070ea00000, 0x000000070ec00000|  0%| F|  |TAMS 0x000000070ea00000, 0x000000070ea00000| Untracked 
| 118|0x000000070ec00000, 0x000000070ec00000, 0x000000070ee00000|  0%| F|  |TAMS 0x000000070ec00000, 0x000000070ec00000| Untracked 
| 119|0x000000070ee00000, 0x000000070ee00000, 0x000000070f000000|  0%| F|  |TAMS 0x000000070ee00000, 0x000000070ee00000| Untracked 
| 120|0x000000070f000000, 0x000000070f000000, 0x000000070f200000|  0%| F|  |TAMS 0x000000070f000000, 0x000000070f000000| Untracked 
| 121|0x000000070f200000, 0x000000070f200000, 0x000000070f400000|  0%| F|  |TAMS 0x000000070f200000, 0x000000070f200000| Untracked 
| 122|0x000000070f400000, 0x000000070f400000, 0x000000070f600000|  0%| F|  |TAMS 0x000000070f400000, 0x000000070f400000| Untracked 
| 123|0x000000070f600000, 0x000000070f600000, 0x000000070f800000|  0%| F|  |TAMS 0x000000070f600000, 0x000000070f600000| Untracked 
| 124|0x000000070f800000, 0x000000070f800000, 0x000000070fa00000|  0%| F|  |TAMS 0x000000070f800000, 0x000000070f800000| Untracked 
| 125|0x000000070fa00000, 0x000000070fa00000, 0x000000070fc00000|  0%| F|  |TAMS 0x000000070fa00000, 0x000000070fa00000| Untracked 
| 126|0x000000070fc00000, 0x000000070fc00000, 0x000000070fe00000|  0%| F|  |TAMS 0x000000070fc00000, 0x000000070fc00000| Untracked 
| 127|0x000000070fe00000, 0x000000070fe00000, 0x0000000710000000|  0%| F|  |TAMS 0x000000070fe00000, 0x000000070fe00000| Untracked 
| 128|0x0000000710000000, 0x0000000710000000, 0x0000000710200000|  0%| F|  |TAMS 0x0000000710000000, 0x0000000710000000| Untracked 
| 129|0x0000000710200000, 0x0000000710200000, 0x0000000710400000|  0%| F|  |TAMS 0x0000000710200000, 0x0000000710200000| Untracked 
| 130|0x0000000710400000, 0x0000000710400000, 0x0000000710600000|  0%| F|  |TAMS 0x0000000710400000, 0x0000000710400000| Untracked 

Card table byte_map: [0x00000179bf640000,0x00000179bfe40000] _byte_map_base: 0x00000179bbe40000

Marking Bits (Prev, Next): (CMBitMap*) 0x00000179a7ddcdd0, (CMBitMap*) 0x00000179a7ddce10
 Prev Bits: [0x00000179c0640000, 0x00000179c4640000)
 Next Bits: [0x00000179c4640000, 0x00000179c8640000)

Polling page: 0x00000179a7520000

Metaspace:

Usage:
  Non-class:     84.31 MB used.
      Class:     14.15 MB used.
       Both:     98.46 MB used.

Virtual space:
  Non-class space:      128.00 MB reserved,      84.69 MB ( 66%) committed,  2 nodes.
      Class space:        1.00 GB reserved,      14.50 MB (  1%) committed,  1 nodes.
             Both:        1.12 GB reserved,      99.19 MB (  9%) committed. 

Chunk freelists:
   Non-Class:  11.12 MB
       Class:  1.39 MB
        Both:  12.52 MB

MaxMetaspaceSize: unlimited
CompressedClassSpaceSize: 1.00 GB
Initial GC threshold: 21.00 MB
Current GC threshold: 146.19 MB
CDS: on
MetaspaceReclaimPolicy: balanced
 - commit_granule_bytes: 65536.
 - commit_granule_words: 8192.
 - virtual_space_node_default_size: 8388608.
 - enlarge_chunks_in_place: 1.
 - new_chunks_are_fully_committed: 0.
 - uncommit_free_chunks: 1.
 - use_allocation_guard: 0.
 - handle_deallocations: 1.


Internal statistics:

num_allocs_failed_limit: 9.
num_arena_births: 1012.
num_arena_deaths: 6.
num_vsnodes_births: 3.
num_vsnodes_deaths: 0.
num_space_committed: 1587.
num_space_uncommitted: 0.
num_chunks_returned_to_freelist: 18.
num_chunks_taken_from_freelist: 5087.
num_chunk_merges: 12.
num_chunk_splits: 3460.
num_chunks_enlarged: 2403.
num_inconsistent_stats: 0.

CodeHeap 'non-profiled nmethods': size=120000Kb used=6051Kb max_used=6192Kb free=113948Kb
 bounds [0x00000179b73b0000, 0x00000179b79d0000, 0x00000179be8e0000]
CodeHeap 'profiled nmethods': size=120000Kb used=21165Kb max_used=22391Kb free=98834Kb
 bounds [0x00000179af8e0000, 0x00000179b0ec0000, 0x00000179b6e10000]
CodeHeap 'non-nmethods': size=5760Kb used=2427Kb max_used=2473Kb free=3332Kb
 bounds [0x00000179b6e10000, 0x00000179b7090000, 0x00000179b73b0000]
 total_blobs=12417 nmethods=11455 adapters=872
 compilation: enabled
              stopped_count=0, restarted_count=0
 full_count=0

Compilation events (20 events):
Event: 19.119 Thread 0x00000179cb2a0420 nmethod 13537 0x00000179afc34790 code [0x00000179afc34940, 0x00000179afc34a68]
Event: 19.119 Thread 0x00000179cb2a0420 13520       1       com.android.tools.r8.synthesis.q::a (5 bytes)
Event: 19.119 Thread 0x00000179cb2a0420 nmethod 13520 0x00000179b740bd90 code [0x00000179b740bf20, 0x00000179b740bfd8]
Event: 19.119 Thread 0x00000179cb2a0420 13495       3       com.android.tools.r8.graph.L2::b (18 bytes)
Event: 19.119 Thread 0x00000179cb2a0420 nmethod 13495 0x00000179afb9f110 code [0x00000179afb9f2c0, 0x00000179afb9f578]
Event: 19.119 Thread 0x00000179cb2a0420 13496       3       com.android.tools.r8.graph.L2$$Lambda$3239/0x00000179cde43498::accept (16 bytes)
Event: 19.119 Thread 0x00000179cb2a0420 nmethod 13496 0x00000179af960b10 code [0x00000179af960ce0, 0x00000179af961138]
Event: 19.119 Thread 0x00000179cb2a0420 13538       2       com.android.tools.r8.utils.C$$Lambda$2132/0x00000179cdd765f0::a (10 bytes)
Event: 19.119 Thread 0x00000179cb2a0420 nmethod 13538 0x00000179afd87990 code [0x00000179afd87b40, 0x00000179afd87c68]
Event: 19.119 Thread 0x00000179cb2a0420 13539       2       com.android.tools.r8.utils.C::a (10 bytes)
Event: 19.119 Thread 0x00000179cb2a0420 nmethod 13539 0x00000179afe08d90 code [0x00000179afe08f40, 0x00000179afe09048]
Event: 19.119 Thread 0x00000179cb2a0420 13508       3       com.google.common.util.concurrent.AbstractFuture::getDoneValue (58 bytes)
Event: 19.120 Thread 0x00000179cb2a0420 nmethod 13508 0x00000179af904b10 code [0x00000179af904d40, 0x00000179af905668]
Event: 19.120 Thread 0x00000179cb2a0420 13509       3       com.google.common.util.concurrent.AbstractFuture::get (170 bytes)
Event: 19.121 Thread 0x00000179cb2a0420 nmethod 13509 0x00000179affb9910 code [0x00000179affb9c20, 0x00000179affbacc8]
Event: 19.121 Thread 0x00000179cb2a0420 13502       3       com.android.tools.r8.internal.ao::a (23 bytes)
Event: 19.122 Thread 0x00000179cb2a0420 nmethod 13502 0x00000179afc50e10 code [0x00000179afc50fe0, 0x00000179afc513a8]
Event: 19.122 Thread 0x00000179cb2a0420 13503       3       com.android.tools.r8.internal.ao$$Lambda$3206/0x00000179cde3e728::test (8 bytes)
Event: 19.122 Thread 0x00000179cb2a0420 nmethod 13503 0x00000179af9a1e10 code [0x00000179af9a2000, 0x00000179af9a2548]
Event: 19.122 Thread 0x00000179cb2a0420 13541       3       com.android.tools.r8.graph.y2::a (175 bytes)

GC Heap History (20 events):
Event: 16.138 GC heap after
{Heap after GC invocations=22 (full 0):
 garbage-first heap   total 182272K, used 84453K [0x0000000700000000, 0x0000000800000000)
  region size 2048K, 3 young (6144K), 3 survivors (6144K)
 Metaspace       used 85491K, committed 86272K, reserved 1179648K
  class space    used 11836K, committed 12224K, reserved 1048576K
}
Event: 16.653 GC heap before
{Heap before GC invocations=22 (full 0):
 garbage-first heap   total 182272K, used 145893K [0x0000000700000000, 0x0000000800000000)
  region size 2048K, 33 young (67584K), 3 survivors (6144K)
 Metaspace       used 88302K, committed 89088K, reserved 1179648K
  class space    used 12142K, committed 12544K, reserved 1048576K
}
Event: 16.664 GC heap after
{Heap after GC invocations=23 (full 0):
 garbage-first heap   total 182272K, used 91468K [0x0000000700000000, 0x0000000800000000)
  region size 2048K, 4 young (8192K), 4 survivors (8192K)
 Metaspace       used 88302K, committed 89088K, reserved 1179648K
  class space    used 12142K, committed 12544K, reserved 1048576K
}
Event: 16.975 GC heap before
{Heap before GC invocations=23 (full 0):
 garbage-first heap   total 182272K, used 142668K [0x0000000700000000, 0x0000000800000000)
  region size 2048K, 30 young (61440K), 4 survivors (8192K)
 Metaspace       used 88890K, committed 89600K, reserved 1179648K
  class space    used 12206K, committed 12544K, reserved 1048576K
}
Event: 16.988 GC heap after
{Heap after GC invocations=24 (full 0):
 garbage-first heap   total 182272K, used 96390K [0x0000000700000000, 0x0000000800000000)
  region size 2048K, 3 young (6144K), 3 survivors (6144K)
 Metaspace       used 88890K, committed 89600K, reserved 1179648K
  class space    used 12206K, committed 12544K, reserved 1048576K
}
Event: 17.420 GC heap before
{Heap before GC invocations=25 (full 0):
 garbage-first heap   total 182272K, used 133254K [0x0000000700000000, 0x0000000800000000)
  region size 2048K, 22 young (45056K), 3 survivors (6144K)
 Metaspace       used 88900K, committed 89600K, reserved 1179648K
  class space    used 12206K, committed 12544K, reserved 1048576K
}
Event: 17.426 GC heap after
{Heap after GC invocations=26 (full 0):
 garbage-first heap   total 182272K, used 98532K [0x0000000700000000, 0x0000000800000000)
  region size 2048K, 2 young (4096K), 2 survivors (4096K)
 Metaspace       used 88900K, committed 89600K, reserved 1179648K
  class space    used 12206K, committed 12544K, reserved 1048576K
}
Event: 17.627 GC heap before
{Heap before GC invocations=27 (full 0):
 garbage-first heap   total 204800K, used 127204K [0x0000000700000000, 0x0000000800000000)
  region size 2048K, 14 young (28672K), 2 survivors (4096K)
 Metaspace       used 89043K, committed 89792K, reserved 1179648K
  class space    used 12212K, committed 12608K, reserved 1048576K
}
Event: 17.633 GC heap after
{Heap after GC invocations=28 (full 0):
 garbage-first heap   total 204800K, used 100150K [0x0000000700000000, 0x0000000800000000)
  region size 2048K, 2 young (4096K), 2 survivors (4096K)
 Metaspace       used 89043K, committed 89792K, reserved 1179648K
  class space    used 12212K, committed 12608K, reserved 1048576K
}
Event: 17.889 GC heap before
{Heap before GC invocations=29 (full 0):
 garbage-first heap   total 223232K, used 141110K [0x0000000700000000, 0x0000000800000000)
  region size 2048K, 20 young (40960K), 2 survivors (4096K)
 Metaspace       used 89647K, committed 90432K, reserved 1179648K
  class space    used 12303K, committed 12672K, reserved 1048576K
}
Event: 17.895 GC heap after
{Heap after GC invocations=30 (full 0):
 garbage-first heap   total 223232K, used 103833K [0x0000000700000000, 0x0000000800000000)
  region size 2048K, 4 young (8192K), 4 survivors (8192K)
 Metaspace       used 89647K, committed 90432K, reserved 1179648K
  class space    used 12303K, committed 12672K, reserved 1048576K
}
Event: 17.901 GC heap before
{Heap before GC invocations=30 (full 0):
 garbage-first heap   total 223232K, used 105881K [0x0000000700000000, 0x0000000800000000)
  region size 2048K, 5 young (10240K), 4 survivors (8192K)
 Metaspace       used 89664K, committed 90432K, reserved 1179648K
  class space    used 12303K, committed 12672K, reserved 1048576K
}
Event: 17.908 GC heap after
{Heap after GC invocations=31 (full 0):
 garbage-first heap   total 268288K, used 106202K [0x0000000700000000, 0x0000000800000000)
  region size 2048K, 3 young (6144K), 3 survivors (6144K)
 Metaspace       used 89664K, committed 90432K, reserved 1179648K
  class space    used 12303K, committed 12672K, reserved 1048576K
}
Event: 18.125 GC heap before
{Heap before GC invocations=31 (full 0):
 garbage-first heap   total 268288K, used 179930K [0x0000000700000000, 0x0000000800000000)
  region size 2048K, 31 young (63488K), 3 survivors (6144K)
 Metaspace       used 90307K, committed 91008K, reserved 1179648K
  class space    used 12395K, committed 12736K, reserved 1048576K
}
Event: 18.135 GC heap after
{Heap after GC invocations=32 (full 0):
 garbage-first heap   total 268288K, used 118169K [0x0000000700000000, 0x0000000800000000)
  region size 2048K, 5 young (10240K), 5 survivors (10240K)
 Metaspace       used 90307K, committed 91008K, reserved 1179648K
  class space    used 12395K, committed 12736K, reserved 1048576K
}
Event: 18.318 GC heap before
{Heap before GC invocations=32 (full 0):
 garbage-first heap   total 268288K, used 230809K [0x0000000700000000, 0x0000000800000000)
  region size 2048K, 54 young (110592K), 5 survivors (10240K)
 Metaspace       used 91421K, committed 92160K, reserved 1179648K
  class space    used 12584K, committed 12928K, reserved 1048576K
}
Event: 18.341 GC heap after
{Heap after GC invocations=33 (full 0):
 garbage-first heap   total 268288K, used 125503K [0x0000000700000000, 0x0000000800000000)
  region size 2048K, 7 young (14336K), 7 survivors (14336K)
 Metaspace       used 91421K, committed 92160K, reserved 1179648K
  class space    used 12584K, committed 12928K, reserved 1048576K
}
Event: 18.767 GC heap before
{Heap before GC invocations=33 (full 0):
 garbage-first heap   total 268288K, used 209471K [0x0000000700000000, 0x0000000800000000)
  region size 2048K, 49 young (100352K), 7 survivors (14336K)
 Metaspace       used 97410K, committed 98112K, reserved 1179648K
  class space    used 13562K, committed 13888K, reserved 1048576K
}
Event: 18.785 GC heap after
{Heap after GC invocations=34 (full 0):
 garbage-first heap   total 268288K, used 138327K [0x0000000700000000, 0x0000000800000000)
  region size 2048K, 7 young (14336K), 7 survivors (14336K)
 Metaspace       used 97410K, committed 98112K, reserved 1179648K
  class space    used 13562K, committed 13888K, reserved 1048576K
}
Event: 19.123 GC heap before
{Heap before GC invocations=34 (full 0):
 garbage-first heap   total 268288K, used 212055K [0x0000000700000000, 0x0000000800000000)
  region size 2048K, 43 young (88064K), 7 survivors (14336K)
 Metaspace       used 100826K, committed 101568K, reserved 1179648K
  class space    used 14490K, committed 14848K, reserved 1048576K
}

Dll operation events (13 events):
Event: 0.008 Loaded shared library C:\Program Files\Microsoft\jdk-17.0.17.10-hotspot\bin\java.dll
Event: 0.027 Loaded shared library C:\Program Files\Microsoft\jdk-17.0.17.10-hotspot\bin\jsvml.dll
Event: 0.068 Loaded shared library C:\Program Files\Microsoft\jdk-17.0.17.10-hotspot\bin\net.dll
Event: 0.070 Loaded shared library C:\Program Files\Microsoft\jdk-17.0.17.10-hotspot\bin\nio.dll
Event: 0.073 Loaded shared library C:\Program Files\Microsoft\jdk-17.0.17.10-hotspot\bin\zip.dll
Event: 0.261 Loaded shared library C:\Program Files\Microsoft\jdk-17.0.17.10-hotspot\bin\jimage.dll
Event: 0.336 Loaded shared library C:\Program Files\Microsoft\jdk-17.0.17.10-hotspot\bin\verify.dll
Event: 0.500 Loaded shared library C:\Users\Master Union\.gradle\native\e1d6ef7f7dcc3fd88c89a11ec53ec762bb8ba0a96d01ffa2cd45eb1d1d8dd5c5\windows-amd64\native-platform.dll
Event: 0.511 Loaded shared library C:\Users\Master Union\.gradle\native\0d407fdbe67a94daf76414ababcb853783967236a71b16ec16e742cd7a986fd3\windows-amd64\native-platform-file-events.dll
Event: 1.310 Loaded shared library C:\Program Files\Microsoft\jdk-17.0.17.10-hotspot\bin\management.dll
Event: 1.315 Loaded shared library C:\Program Files\Microsoft\jdk-17.0.17.10-hotspot\bin\management_ext.dll
Event: 1.562 Loaded shared library C:\Program Files\Microsoft\jdk-17.0.17.10-hotspot\bin\extnet.dll
Event: 1.803 Loaded shared library C:\Program Files\Microsoft\jdk-17.0.17.10-hotspot\bin\sunmscapi.dll

Deoptimization events (20 events):
Event: 18.798 Thread 0x0000017a142462c0 DEOPT PACKING pc=0x00000179b0df9e93 sp=0x00000070157fa310
Event: 18.798 Thread 0x0000017a142462c0 DEOPT UNPACKING pc=0x00000179b6e67143 sp=0x00000070157f97f8 mode 0
Event: 18.799 Thread 0x0000017a142462c0 DEOPT PACKING pc=0x00000179b0e28700 sp=0x00000070157f9a40
Event: 18.799 Thread 0x0000017a142462c0 DEOPT UNPACKING pc=0x00000179b6e67143 sp=0x00000070157f8f68 mode 0
Event: 18.799 Thread 0x0000017a142462c0 DEOPT PACKING pc=0x00000179b0e304f2 sp=0x00000070157f9890
Event: 18.799 Thread 0x0000017a142462c0 DEOPT UNPACKING pc=0x00000179b6e67143 sp=0x00000070157f8d00 mode 0
Event: 18.806 Thread 0x0000017a142471f0 DEOPT PACKING pc=0x00000179b0e304f2 sp=0x0000007014ffae90
Event: 18.806 Thread 0x0000017a142471f0 DEOPT UNPACKING pc=0x00000179b6e67143 sp=0x0000007014ffa300 mode 0
Event: 18.808 Thread 0x0000017a14908270 DEOPT PACKING pc=0x00000179b0dfaf67 sp=0x000000700f9f9bd0
Event: 18.808 Thread 0x0000017a14908270 DEOPT UNPACKING pc=0x00000179b6e67143 sp=0x000000700f9f9118 mode 0
Event: 18.841 Thread 0x0000017a14908270 DEOPT PACKING pc=0x00000179b0e28700 sp=0x000000700f9f9ed0
Event: 18.841 Thread 0x0000017a14908270 DEOPT UNPACKING pc=0x00000179b6e67143 sp=0x000000700f9f93f8 mode 0
Event: 18.924 Thread 0x0000017a14908270 DEOPT PACKING pc=0x00000179b0e28700 sp=0x000000700f9f9ed0
Event: 18.924 Thread 0x0000017a14908270 DEOPT UNPACKING pc=0x00000179b6e67143 sp=0x000000700f9f93f8 mode 0
Event: 18.935 Thread 0x0000017a14908270 DEOPT PACKING pc=0x00000179b0e286d0 sp=0x000000700f9f98b0
Event: 18.935 Thread 0x0000017a14908270 DEOPT UNPACKING pc=0x00000179b6e67143 sp=0x000000700f9f8dd8 mode 0
Event: 18.968 Thread 0x0000017a14908270 Uncommon trap: trap_request=0xffffff45 fr.pc=0x00000179b79af758 relative=0x0000000000001bd8
Event: 18.968 Thread 0x0000017a14908270 Uncommon trap: reason=unstable_if action=reinterpret pc=0x00000179b79af758 method=com.android.tools.r8.internal.Gf.e(Ljava/lang/String;)[Ljava/lang/String; @ 27 c2
Event: 18.968 Thread 0x0000017a14908270 DEOPT PACKING pc=0x00000179b79af758 sp=0x000000700f9f9c20
Event: 18.968 Thread 0x0000017a14908270 DEOPT UNPACKING pc=0x00000179b6e669a3 sp=0x000000700f9f9c00 mode 2

Classes loaded (20 events):
Event: 18.101 Loading class java/nio/file/Files$2
Event: 18.102 Loading class java/nio/file/Files$2 done
Event: 18.220 Loading class sun/nio/fs/Globs
Event: 18.220 Loading class sun/nio/fs/Globs done
Event: 18.220 Loading class java/util/regex/Pattern$SliceU
Event: 18.221 Loading class java/util/regex/Pattern$SliceU done
Event: 18.221 Loading class sun/nio/fs/WindowsFileSystem$2
Event: 18.221 Loading class java/nio/file/PathMatcher
Event: 18.221 Loading class java/nio/file/PathMatcher done
Event: 18.221 Loading class sun/nio/fs/WindowsFileSystem$2 done
Event: 18.265 Loading class java/util/zip/ZipInputStream
Event: 18.265 Loading class java/util/zip/ZipInputStream done
Event: 18.351 Loading class java/io/UTFDataFormatException
Event: 18.351 Loading class java/io/UTFDataFormatException done
Event: 18.454 Loading class java/util/concurrent/RejectedExecutionException
Event: 18.454 Loading class java/util/concurrent/RejectedExecutionException done
Event: 18.538 Loading class java/lang/reflect/GenericSignatureFormatError
Event: 18.538 Loading class java/lang/reflect/GenericSignatureFormatError done
Event: 19.116 Loading class java/util/IdentityHashMap$ValueIterator
Event: 19.117 Loading class java/util/IdentityHashMap$ValueIterator done

Classes unloaded (3 events):
Event: 17.498 Thread 0x00000179cb271040 Unloading class 0x00000179cdc44400 'java/lang/invoke/LambdaForm$DMH+0x00000179cdc44400'
Event: 17.498 Thread 0x00000179cb271040 Unloading class 0x00000179cdc44800 'java/lang/invoke/LambdaForm$DMH+0x00000179cdc44800'
Event: 17.498 Thread 0x00000179cb271040 Unloading class 0x00000179cdc44c00 'java/lang/invoke/LambdaForm$DMH+0x00000179cdc44c00'

Classes redefined (0 events):
No events

Internal exceptions (20 events):
Event: 18.834 Thread 0x0000017a1490b510 Exception <a 'java/lang/NoSuchMethodError'{0x000000070fb27f38}: 'java.lang.Object java.lang.invoke.DirectMethodHandle$Holder.invokeStatic(java.lang.Object, int, java.lang.Object, java.lang.Object)'> (0x000000070fb27f38) 
thrown [s\src\hotspot\share\interpreter\linkResolver.cpp, line 759]
Event: 18.834 Thread 0x0000017a155c6290 Exception <a 'java/lang/NoSuchMethodError'{0x000000070faa0558}: 'java.lang.Object java.lang.invoke.DirectMethodHandle$Holder.invokeStatic(java.lang.Object, int, java.lang.Object, java.lang.Object)'> (0x000000070faa0558) 
thrown [s\src\hotspot\share\interpreter\linkResolver.cpp, line 759]
Event: 18.835 Thread 0x0000017a155cae80 Exception <a 'java/lang/NoSuchMethodError'{0x000000070fa5dcc0}: 'java.lang.Object java.lang.invoke.DirectMethodHandle$Holder.invokeStatic(java.lang.Object, int, java.lang.Object, java.lang.Object)'> (0x000000070fa5dcc0) 
thrown [s\src\hotspot\share\interpreter\linkResolver.cpp, line 759]
Event: 18.958 Thread 0x0000017a155c67a0 Exception <a 'java/lang/NoSuchMethodError'{0x000000070f20dae8}: 'int java.lang.invoke.DirectMethodHandle$Holder.invokeSpecial(java.lang.Object, java.lang.Object, java.lang.Object, java.lang.Object, java.lang.Object, java.lang.Object)'> (0x000000070f20dae8) 
thrown [s\src\hotspot\share\interpreter\linkResolver.cpp, line 759]
Event: 18.958 Thread 0x0000017a14249050 Exception <a 'java/lang/NoSuchMethodError'{0x000000070f241990}: 'int java.lang.invoke.DirectMethodHandle$Holder.invokeSpecial(java.lang.Object, java.lang.Object, java.lang.Object, java.lang.Object, java.lang.Object, java.lang.Object)'> (0x000000070f241990) 
thrown [s\src\hotspot\share\interpreter\linkResolver.cpp, line 759]
Event: 18.958 Thread 0x0000017a162fc480 Exception <a 'java/lang/NoSuchMethodError'{0x000000070f0c1090}: 'int java.lang.invoke.DirectMethodHandle$Holder.invokeSpecial(java.lang.Object, java.lang.Object, java.lang.Object, java.lang.Object, java.lang.Object, java.lang.Object)'> (0x000000070f0c1090) 
thrown [s\src\hotspot\share\interpreter\linkResolver.cpp, line 759]
Event: 19.094 Thread 0x0000017a16301580 Exception <a 'java/lang/IncompatibleClassChangeError'{0x000000070c9be4d8}: Found class java.lang.Object, but interface was expected> (0x000000070c9be4d8) 
thrown [s\src\hotspot\share\interpreter\linkResolver.cpp, line 826]
Event: 19.094 Thread 0x0000017a1490b510 Exception <a 'java/lang/IncompatibleClassChangeError'{0x000000070c9d6230}: Found class java.lang.Object, but interface was expected> (0x000000070c9d6230) 
thrown [s\src\hotspot\share\interpreter\linkResolver.cpp, line 826]
Event: 19.094 Thread 0x0000017a16283670 Exception <a 'java/lang/IncompatibleClassChangeError'{0x000000070ce0e730}: Found class java.lang.Object, but interface was expected> (0x000000070ce0e730) 
thrown [s\src\hotspot\share\interpreter\linkResolver.cpp, line 826]
Event: 19.094 Thread 0x0000017a14248b40 Exception <a 'java/lang/IncompatibleClassChangeError'{0x000000070c8106f0}: Found class java.lang.Object, but interface was expected> (0x000000070c8106f0) 
thrown [s\src\hotspot\share\interpreter\linkResolver.cpp, line 826]
Event: 19.094 Thread 0x0000017a14249050 Exception <a 'java/lang/IncompatibleClassChangeError'{0x000000070c9cc1a0}: Found class java.lang.Object, but interface was expected> (0x000000070c9cc1a0) 
thrown [s\src\hotspot\share\interpreter\linkResolver.cpp, line 826]
Event: 19.094 Thread 0x0000017a162fc480 Exception <a 'java/lang/IncompatibleClassChangeError'{0x000000070c9e21a0}: Found class java.lang.Object, but interface was expected> (0x000000070c9e21a0) 
thrown [s\src\hotspot\share\interpreter\linkResolver.cpp, line 826]
Event: 19.094 Thread 0x0000017a142471f0 Exception <a 'java/lang/IncompatibleClassChangeError'{0x000000070c6480b8}: Found class java.lang.Object, but interface was expected> (0x000000070c6480b8) 
thrown [s\src\hotspot\share\interpreter\linkResolver.cpp, line 826]
Event: 19.094 Thread 0x0000017a155c6290 Exception <a 'java/lang/IncompatibleClassChangeError'{0x000000070c675758}: Found class java.lang.Object, but interface was expected> (0x000000070c675758) 
thrown [s\src\hotspot\share\interpreter\linkResolver.cpp, line 826]
Event: 19.096 Thread 0x0000017a155c67a0 Exception <a 'java/lang/IncompatibleClassChangeError'{0x000000070c9b6ae0}: Found class java.lang.Object, but interface was expected> (0x000000070c9b6ae0) 
thrown [s\src\hotspot\share\interpreter\linkResolver.cpp, line 826]
Event: 19.096 Thread 0x0000017a155c6290 Exception <a 'java/lang/IncompatibleClassChangeError'{0x000000070c678f58}: Found class java.lang.Object, but interface was expected> (0x000000070c678f58) 
thrown [s\src\hotspot\share\interpreter\linkResolver.cpp, line 826]
Event: 19.096 Thread 0x0000017a142471f0 Exception <a 'java/lang/IncompatibleClassChangeError'{0x000000070c64b8b8}: Found class java.lang.Object, but interface was expected> (0x000000070c64b8b8) 
thrown [s\src\hotspot\share\interpreter\linkResolver.cpp, line 826]
Event: 19.111 Thread 0x0000017a155cae80 Exception <a 'java/lang/NoSuchMethodError'{0x000000070c3d7060}: 'java.lang.Object java.lang.invoke.DirectMethodHandle$Holder.newInvokeSpecial(java.lang.Object, java.lang.Object, int, java.lang.Object, java.lang.Object, java.lang.Object)'> (0x000000070c3d7060) 
thrown [s\src\hotspot\share\interpreter\linkResolver.cpp, line 759]
Event: 19.112 Thread 0x0000017a155cae80 Exception <a 'java/lang/NoSuchMethodError'{0x000000070c3dfac8}: 'java.lang.Object java.lang.invoke.Invokers$Holder.linkToTargetMethod(java.lang.Object, int, java.lang.Object, java.lang.Object, java.lang.Object, java.lang.Object)'> (0x000000070c3dfac8) 
thrown [s\src\hotspot\share\interpreter\linkResolver.cpp, line 759]
Event: 19.115 Thread 0x0000017a155cae80 Exception <a 'java/lang/NoSuchMethodError'{0x000000070c11da90}: 'void java.lang.invoke.DirectMethodHandle$Holder.invokeStatic(java.lang.Object, java.lang.Object, java.lang.Object, java.lang.Object, java.lang.Object, java.lang.Object, java.lang.Object, java.lang.Object)'> (0x000000070c11da90) 
thrown [s\src\hotspot\share\interpreter\linkResolver.cpp, line 759]

VM Operations (20 events):
Event: 18.370 Executing VM operation: HandshakeAllThreads done
Event: 18.523 Executing VM operation: HandshakeAllThreads
Event: 18.523 Executing VM operation: HandshakeAllThreads done
Event: 18.758 Executing VM operation: G1CollectForAllocation
Event: 18.785 Executing VM operation: G1CollectForAllocation done
Event: 18.963 Executing VM operation: HandshakeAllThreads
Event: 18.964 Executing VM operation: HandshakeAllThreads done
Event: 18.986 Executing VM operation: HandshakeAllThreads
Event: 18.986 Executing VM operation: HandshakeAllThreads done
Event: 19.007 Executing VM operation: HandshakeAllThreads
Event: 19.008 Executing VM operation: HandshakeAllThreads done
Event: 19.008 Executing VM operation: HandshakeAllThreads
Event: 19.008 Executing VM operation: HandshakeAllThreads done
Event: 19.079 Executing VM operation: HandshakeAllThreads
Event: 19.080 Executing VM operation: HandshakeAllThreads done
Event: 19.089 Executing VM operation: HandshakeAllThreads
Event: 19.090 Executing VM operation: HandshakeAllThreads done
Event: 19.121 Executing VM operation: ICBufferFull
Event: 19.121 Executing VM operation: ICBufferFull done
Event: 19.123 Executing VM operation: G1CollectForAllocation

Memory protections (0 events):
No events

Nmethod flushes (20 events):
Event: 19.119 Thread 0x00000179cb2a9690 flushing  nmethod 0x00000179b0aeec90
Event: 19.119 Thread 0x00000179cb2a9690 flushing  nmethod 0x00000179b0af1310
Event: 19.119 Thread 0x00000179cb2a9690 flushing  nmethod 0x00000179b0af1d10
Event: 19.119 Thread 0x00000179cb2a9690 flushing  nmethod 0x00000179b0afcd90
Event: 19.119 Thread 0x00000179cb2a9690 flushing  nmethod 0x00000179b0b18490
Event: 19.120 Thread 0x00000179cb2a9690 flushing  nmethod 0x00000179b0b4a610
Event: 19.120 Thread 0x00000179cb2a9690 flushing  nmethod 0x00000179b0b6ba90
Event: 19.120 Thread 0x00000179cb2a9690 flushing  nmethod 0x00000179b0b6e510
Event: 19.120 Thread 0x00000179cb2a9690 flushing  nmethod 0x00000179b0b6e890
Event: 19.120 Thread 0x00000179cb2a9690 flushing  nmethod 0x00000179b0b6ec10
Event: 19.120 Thread 0x00000179cb2a9690 flushing  nmethod 0x00000179b0b71690
Event: 19.120 Thread 0x00000179cb2a9690 flushing  nmethod 0x00000179b0b75990
Event: 19.120 Thread 0x00000179cb2a9690 flushing  nmethod 0x00000179b0b7cd10
Event: 19.120 Thread 0x00000179cb2a9690 flushing  nmethod 0x00000179b0b8f010
Event: 19.120 Thread 0x00000179cb2a9690 flushing  nmethod 0x00000179b0ba3a90
Event: 19.121 Thread 0x00000179cb2a9690 flushing  nmethod 0x00000179b0bc8b10
Event: 19.121 Thread 0x00000179cb2a9690 flushing  nmethod 0x00000179b0bd6990
Event: 19.121 Thread 0x00000179cb2a9690 flushing  nmethod 0x00000179b0c05090
Event: 19.122 Thread 0x00000179cb2a9690 flushing  nmethod 0x00000179b0c92690
Event: 19.122 Thread 0x00000179cb2a9690 flushing  nmethod 0x00000179b0cb0710

Events (20 events):
Event: 10.590 Thread 0x00000179cb8224c0 Thread added: 0x0000017a13754bd0
Event: 10.590 Thread 0x00000179cb8224c0 Thread added: 0x0000017a13752d70
Event: 10.590 Thread 0x00000179cb8224c0 Thread added: 0x0000017a137541b0
Event: 10.590 Thread 0x00000179cb8224c0 Thread added: 0x0000017a13753280
Event: 10.590 Thread 0x00000179cb8224c0 Thread added: 0x0000017a13751420
Event: 10.591 Thread 0x00000179cb8224c0 Thread added: 0x0000017a137546c0
Event: 10.591 Thread 0x00000179cb8224c0 Thread added: 0x0000017a13753ca0
Event: 10.591 Thread 0x00000179cb8224c0 Thread added: 0x0000017a137550e0
Event: 10.591 Thread 0x00000179cb8224c0 Thread added: 0x0000017a13756010
Event: 10.591 Thread 0x00000179cb8224c0 Thread added: 0x0000017a137555f0
Event: 10.591 Thread 0x00000179cb8224c0 Thread added: 0x0000017a13755b00
Event: 10.592 Thread 0x00000179cb8224c0 Thread added: 0x0000017a13753790
Event: 11.433 Thread 0x0000017a1378bf10 Thread exited: 0x0000017a1378bf10
Event: 11.553 Thread 0x00000179cb2a0420 Thread added: 0x0000017a1378bf10
Event: 13.363 Thread 0x0000017a1378bf10 Thread exited: 0x0000017a1378bf10
Event: 14.366 Thread 0x00000179cb2a0420 Thread added: 0x0000017a148ffe50
Event: 16.543 Thread 0x00000179cb8224c0 Thread added: 0x0000017a15320c20
Event: 16.544 Thread 0x00000179cb8224c0 Thread added: 0x0000017a15321b50
Event: 16.718 Thread 0x0000017a16281d20 Thread added: 0x0000017a15320710
Event: 17.873 Thread 0x0000017a16281810 Thread added: 0x0000017a15322a80


Dynamic libraries:
0x00007ff689390000 - 0x00007ff68939e000 	C:\Program Files\Microsoft\jdk-17.0.17.10-hotspot\bin\java.exe
0x00007ff81b360000 - 0x00007ff81b5c8000 	C:\WINDOWS\SYSTEM32\ntdll.dll
0x00007ff81a320000 - 0x00007ff81a3e9000 	C:\WINDOWS\System32\KERNEL32.DLL
0x00007ff8186c0000 - 0x00007ff818ab8000 	C:\WINDOWS\System32\KERNELBASE.dll
0x00007ff818570000 - 0x00007ff8186bb000 	C:\WINDOWS\System32\ucrtbase.dll
0x00007ff80c740000 - 0x00007ff80c758000 	C:\Program Files\Microsoft\jdk-17.0.17.10-hotspot\bin\jli.dll
0x00007ff812ea0000 - 0x00007ff812ebe000 	C:\Program Files\Microsoft\jdk-17.0.17.10-hotspot\bin\VCRUNTIME140.dll
0x00007ff8198f0000 - 0x00007ff819ab7000 	C:\WINDOWS\System32\USER32.dll
0x00007ff818df0000 - 0x00007ff818e17000 	C:\WINDOWS\System32\win32u.dll
0x00007ffffe150000 - 0x00007ffffe3e4000 	C:\WINDOWS\WinSxS\amd64_microsoft.windows.common-controls_6595b64144ccf1df_6.0.26100.7019_none_3e06ffa0e335b8a8\COMCTL32.dll
0x00007ff81b010000 - 0x00007ff81b03b000 	C:\WINDOWS\System32\GDI32.dll
0x00007ff81a440000 - 0x00007ff81a4e9000 	C:\WINDOWS\System32\msvcrt.dll
0x00007ff818cc0000 - 0x00007ff818dec000 	C:\WINDOWS\System32\gdi32full.dll
0x00007ff818e20000 - 0x00007ff818ec3000 	C:\WINDOWS\System32\msvcp_win.dll
0x00007ff81a2e0000 - 0x00007ff81a311000 	C:\WINDOWS\System32\IMM32.DLL
0x00007ff812f90000 - 0x00007ff812f9c000 	C:\Program Files\Microsoft\jdk-17.0.17.10-hotspot\bin\vcruntime140_1.dll
0x00007ff807a70000 - 0x00007ff807af9000 	C:\Program Files\Microsoft\jdk-17.0.17.10-hotspot\bin\msvcp140.dll
0x00007fffb8830000 - 0x00007fffb94aa000 	C:\Program Files\Microsoft\jdk-17.0.17.10-hotspot\bin\server\jvm.dll
0x00007ff81af50000 - 0x00007ff81b004000 	C:\WINDOWS\System32\ADVAPI32.dll
0x00007ff81b150000 - 0x00007ff81b1f6000 	C:\WINDOWS\System32\sechost.dll
0x00007ff81b200000 - 0x00007ff81b318000 	C:\WINDOWS\System32\RPCRT4.dll
0x00007ff81a730000 - 0x00007ff81a7a4000 	C:\WINDOWS\System32\WS2_32.dll
0x00007ff818170000 - 0x00007ff8181ce000 	C:\WINDOWS\SYSTEM32\POWRPROF.dll
0x00007ff810c70000 - 0x00007ff810c7b000 	C:\WINDOWS\SYSTEM32\VERSION.dll
0x00007ff810c30000 - 0x00007ff810c65000 	C:\WINDOWS\SYSTEM32\WINMM.dll
0x00007ff818150000 - 0x00007ff818164000 	C:\WINDOWS\SYSTEM32\UMPDC.dll
0x00007ff817230000 - 0x00007ff81724b000 	C:\WINDOWS\SYSTEM32\kernel.appcore.dll
0x00007ff80c5e0000 - 0x00007ff80c5ea000 	C:\Program Files\Microsoft\jdk-17.0.17.10-hotspot\bin\jimage.dll
0x00007ff815bc0000 - 0x00007ff815e02000 	C:\WINDOWS\SYSTEM32\DBGHELP.DLL
0x00007ff819f50000 - 0x00007ff81a2db000 	C:\WINDOWS\System32\combase.dll
0x00007ff81a870000 - 0x00007ff81a947000 	C:\WINDOWS\System32\OLEAUT32.dll
0x00007ffffa4e0000 - 0x00007ffffa51c000 	C:\WINDOWS\SYSTEM32\dbgcore.DLL
0x00007ff818ed0000 - 0x00007ff818f75000 	C:\WINDOWS\System32\bcryptPrimitives.dll
0x00007ff80b500000 - 0x00007ff80b526000 	C:\Program Files\Microsoft\jdk-17.0.17.10-hotspot\bin\java.dll
0x00007ff8074d0000 - 0x00007ff8075a6000 	C:\Program Files\Microsoft\jdk-17.0.17.10-hotspot\bin\jsvml.dll
0x00007ff819190000 - 0x00007ff8198df000 	C:\WINDOWS\System32\SHELL32.dll
0x00007ff818ac0000 - 0x00007ff818c2b000 	C:\WINDOWS\System32\wintypes.dll
0x00007ff816090000 - 0x00007ff8168ed000 	C:\WINDOWS\SYSTEM32\windows.storage.dll
0x00007ff81b050000 - 0x00007ff81b142000 	C:\WINDOWS\System32\SHCORE.dll
0x00007ff81a620000 - 0x00007ff81a687000 	C:\WINDOWS\System32\shlwapi.dll
0x00007ff8183d0000 - 0x00007ff8183f9000 	C:\WINDOWS\SYSTEM32\profapi.dll
0x00007ff80b4e0000 - 0x00007ff80b4fb000 	C:\Program Files\Microsoft\jdk-17.0.17.10-hotspot\bin\net.dll
0x00007ff8111c0000 - 0x00007ff8112e8000 	C:\WINDOWS\SYSTEM32\WINHTTP.dll
0x00007ff817780000 - 0x00007ff8177eb000 	C:\WINDOWS\system32\mswsock.dll
0x00007ff80b4c0000 - 0x00007ff80b4d6000 	C:\Program Files\Microsoft\jdk-17.0.17.10-hotspot\bin\nio.dll
0x00007ff8077d0000 - 0x00007ff8077e8000 	C:\Program Files\Microsoft\jdk-17.0.17.10-hotspot\bin\zip.dll
0x00007ff8077b0000 - 0x00007ff8077c0000 	C:\Program Files\Microsoft\jdk-17.0.17.10-hotspot\bin\verify.dll
0x00007ff807350000 - 0x00007ff807377000 	C:\Users\Master Union\.gradle\native\e1d6ef7f7dcc3fd88c89a11ec53ec762bb8ba0a96d01ffa2cd45eb1d1d8dd5c5\windows-amd64\native-platform.dll
0x00007ffffacf0000 - 0x00007ffffae34000 	C:\Users\Master Union\.gradle\native\0d407fdbe67a94daf76414ababcb853783967236a71b16ec16e742cd7a986fd3\windows-amd64\native-platform-file-events.dll
0x00007ff80c5d0000 - 0x00007ff80c5da000 	C:\Program Files\Microsoft\jdk-17.0.17.10-hotspot\bin\management.dll
0x00007ff8077c0000 - 0x00007ff8077cc000 	C:\Program Files\Microsoft\jdk-17.0.17.10-hotspot\bin\management_ext.dll
0x00007ff81a4f0000 - 0x00007ff81a4f8000 	C:\WINDOWS\System32\PSAPI.DLL
0x00007ff817b70000 - 0x00007ff817b8b000 	C:\WINDOWS\SYSTEM32\CRYPTSP.dll
0x00007ff817190000 - 0x00007ff8171ca000 	C:\WINDOWS\system32\rsaenh.dll
0x00007ff817830000 - 0x00007ff81785b000 	C:\WINDOWS\SYSTEM32\USERENV.dll
0x00007ff8183a0000 - 0x00007ff8183ca000 	C:\WINDOWS\SYSTEM32\bcrypt.dll
0x00007ff8179d0000 - 0x00007ff8179dc000 	C:\WINDOWS\SYSTEM32\CRYPTBASE.dll
0x00007ff816cd0000 - 0x00007ff816d04000 	C:\WINDOWS\SYSTEM32\IPHLPAPI.DLL
0x00007ff81b040000 - 0x00007ff81b04a000 	C:\WINDOWS\System32\NSI.dll
0x00007ff8129c0000 - 0x00007ff8129de000 	C:\WINDOWS\SYSTEM32\dhcpcsvc6.DLL
0x00007ff812910000 - 0x00007ff812933000 	C:\WINDOWS\SYSTEM32\dhcpcsvc.DLL
0x00007ff816d10000 - 0x00007ff816e3c000 	C:\WINDOWS\SYSTEM32\DNSAPI.dll
0x00007ff8074c0000 - 0x00007ff8074c9000 	C:\Program Files\Microsoft\jdk-17.0.17.10-hotspot\bin\extnet.dll
0x00007ff807420000 - 0x00007ff80742e000 	C:\Program Files\Microsoft\jdk-17.0.17.10-hotspot\bin\sunmscapi.dll
0x00007ff818f80000 - 0x00007ff8190f7000 	C:\WINDOWS\System32\CRYPT32.dll
0x00007ff817cc0000 - 0x00007ff817cf0000 	C:\WINDOWS\SYSTEM32\ncrypt.dll
0x00007ff817c70000 - 0x00007ff817caf000 	C:\WINDOWS\SYSTEM32\NTASN1.dll
0x00007ff80b170000 - 0x00007ff80b178000 	C:\WINDOWS\system32\wshunix.dll

dbghelp: loaded successfully - version: 4.0.5 - missing functions: none
symbol engine: initialized successfully - sym options: 0x614 - pdb path: .;C:\Program Files\Microsoft\jdk-17.0.17.10-hotspot\bin;C:\WINDOWS\SYSTEM32;C:\WINDOWS\WinSxS\amd64_microsoft.windows.common-controls_6595b64144ccf1df_6.0.26100.7019_none_3e06ffa0e335b8a8;C:\Program Files\Microsoft\jdk-17.0.17.10-hotspot\bin\server;C:\Users\Master Union\.gradle\native\e1d6ef7f7dcc3fd88c89a11ec53ec762bb8ba0a96d01ffa2cd45eb1d1d8dd5c5\windows-amd64;C:\Users\Master Union\.gradle\native\0d407fdbe67a94daf76414ababcb853783967236a71b16ec16e742cd7a986fd3\windows-amd64

VM Arguments:
jvm_args: -XX:+HeapDumpOnOutOfMemoryError --add-opens=java.base/java.util=ALL-UNNAMED --add-opens=java.base/java.lang=ALL-UNNAMED --add-opens=java.base/java.lang.invoke=ALL-UNNAMED --add-opens=java.base/java.util=ALL-UNNAMED --add-opens=java.prefs/java.util.prefs=ALL-UNNAMED --add-opens=java.prefs/java.util.prefs=ALL-UNNAMED --add-opens=java.base/java.nio.charset=ALL-UNNAMED --add-opens=java.base/java.net=ALL-UNNAMED --add-opens=java.base/java.util.concurrent.atomic=ALL-UNNAMED -Xmx4096m -Dfile.encoding=UTF-8 -Duser.country=US -Duser.language=en -Duser.variant 
java_command: org.gradle.launcher.daemon.bootstrap.GradleDaemon 7.5.1
java_class_path (initial): C:\Users\Master Union\.gradle\wrapper\dists\gradle-7.5.1-all\1ehga6e77gqps5uk2kc5kf1vc\gradle-7.5.1\lib\gradle-launcher-7.5.1.jar
Launcher Type: SUN_STANDARD

[Global flags]
     intx CICompilerCount                          = 4                                         {product} {ergonomic}
     uint ConcGCThreads                            = 3                                         {product} {ergonomic}
     uint G1ConcRefinementThreads                  = 10                                        {product} {ergonomic}
   size_t G1HeapRegionSize                         = 2097152                                   {product} {ergonomic}
    uintx GCDrainStackTargetSize                   = 64                                        {product} {ergonomic}
     bool HeapDumpOnOutOfMemoryError               = true                                   {manageable} {command line}
   size_t InitialHeapSize                          = 115343360                                 {product} {ergonomic}
   size_t MarkStackSize                            = 4194304                                   {product} {ergonomic}
   size_t MaxHeapSize                              = 4294967296                                {product} {command line}
   size_t MaxNewSize                               = 2575302656                                {product} {ergonomic}
   size_t MinHeapDeltaBytes                        = 2097152                                   {product} {ergonomic}
   size_t MinHeapSize                              = 8388608                                   {product} {ergonomic}
    uintx NonNMethodCodeHeapSize                   = 5839372                                {pd product} {ergonomic}
    uintx NonProfiledCodeHeapSize                  = 122909434                              {pd product} {ergonomic}
    uintx ProfiledCodeHeapSize                     = 122909434                              {pd product} {ergonomic}
    uintx ReservedCodeCacheSize                    = 251658240                              {pd product} {ergonomic}
     bool SegmentedCodeCache                       = true                                      {product} {ergonomic}
   size_t SoftMaxHeapSize                          = 4294967296                             {manageable} {ergonomic}
     bool UseCompressedClassPointers               = true                           {product lp64_product} {ergonomic}
     bool UseCompressedOops                        = true                           {product lp64_product} {ergonomic}
     bool UseG1GC                                  = true                                      {product} {ergonomic}
     bool UseLargePagesIndividualAllocation        = false                                  {pd product} {ergonomic}

Logging:
Log output configuration:
 #0: stdout all=warning uptime,level,tags
 #1: stderr all=off uptime,level,tags

Environment Variables:
JAVA_HOME=C:\Program Files\Microsoft\jdk-17.0.17.10-hotspot
CLASSPATH=C:\Users\Master Union\Desktop\AppDev\MyApp\android\\gradle\wrapper\gradle-wrapper.jar
PATH=C:\Users\Master Union\Desktop\AppDev\MyApp\android\node_modules\.bin;C:\Users\Master Union\Desktop\AppDev\MyApp\node_modules\.bin;C:\Users\Master Union\Desktop\AppDev\node_modules\.bin;C:\Users\Master Union\Desktop\node_modules\.bin;C:\Users\Master Union\node_modules\.bin;C:\Users\node_modules\.bin;C:\node_modules\.bin;C:\Program Files\nodejs;C:\Users\Master Union\Desktop\AppDev\MyApp\node_modules\.bin;C:\Users\Master Union\Desktop\AppDev\MyApp\node_modules\.bin;C:\Users\Master Union\Desktop\AppDev\node_modules\.bin;C:\Users\Master Union\Desktop\node_modules\.bin;C:\Users\Master Union\node_modules\.bin;C:\Users\node_modules\.bin;C:\node_modules\.bin;C:\Program Files\nodejs\node_modules\npm\node_modules\@npmcli\run-script\lib\node-gyp-bin;C:\Users\Master Union\AppData\Local\Android\Sdk\platform-tools;C:\Users\Master Union\AppData\Local\Android\Sdk\emulator;C:\Users\Master Union\AppData\Local\Android\Sdk\cmdline-tools\latest\bin;C:\Program Files\nodejs;C:\Users\Master Union\AppData\Local\Android\Sdk\tools;C:\Users\Master Union\AppData\Local\Microsoft\WindowsApps;C:\Users\Master Union\AppData\Local\Programs\Microsoft VS Code\bin;C:\Users\Master Union\AppData\Roaming\npm;C:\Program Files\Microsoft\jdk-17.0.17.10-hotspot\bin;C:\Program Files\Git\cmd;C:\Users\Master Union\AppData\Local\jdk-11.0.2\bin
USERNAME=Master Union
OS=Windows_NT
PROCESSOR_IDENTIFIER=AMD64 Family 25 Model 80 Stepping 0, AuthenticAMD
TMP=C:\Users\MASTER~1\AppData\Local\Temp
TEMP=C:\Users\MASTER~1\AppData\Local\Temp



Periodic native trim disabled


---------------  S Y S T E M  ---------------

OS:
 Windows 11 , 64 bit Build 26100 (10.0.26100.7019)
OS uptime: 4 days 5:24 hours
Hyper-V role detected

CPU: total 12 (initial active 12) (12 cores per cpu, 2 threads per core) family 25 model 80 stepping 0 microcode 0xa50000f, cx8, cmov, fxsr, ht, mmx, 3dnowpref, sse, sse2, sse3, ssse3, sse4a, sse4.1, sse4.2, popcnt, lzcnt, tsc, tscinvbit, avx, avx2, aes, erms, clmul, bmi1, bmi2, adx, sha, fma, vzeroupper, clflush, clflushopt, hv
Processor Information for processor 0
  Max Mhz: 2301, Current Mhz: 1798, Mhz Limit: 2301
Processor Information for processor 1
  Max Mhz: 2301, Current Mhz: 1798, Mhz Limit: 2301
Processor Information for processor 2
  Max Mhz: 2301, Current Mhz: 1798, Mhz Limit: 2301
Processor Information for processor 3
  Max Mhz: 2301, Current Mhz: 2301, Mhz Limit: 2301
Processor Information for processor 4
  Max Mhz: 2301, Current Mhz: 1798, Mhz Limit: 2301
Processor Information for processor 5
  Max Mhz: 2301, Current Mhz: 1798, Mhz Limit: 2301
Processor Information for processor 6
  Max Mhz: 2301, Current Mhz: 1798, Mhz Limit: 2301
Processor Information for processor 7
  Max Mhz: 2301, Current Mhz: 1798, Mhz Limit: 2301
Processor Information for processor 8
  Max Mhz: 2301, Current Mhz: 1798, Mhz Limit: 2301
Processor Information for processor 9
  Max Mhz: 2301, Current Mhz: 1798, Mhz Limit: 2301
Processor Information for processor 10
  Max Mhz: 2301, Current Mhz: 2301, Mhz Limit: 2301
Processor Information for processor 11
  Max Mhz: 2301, Current Mhz: 2301, Mhz Limit: 2301

Memory: 4k page, system-wide physical 6990M (891M free)
TotalPageFile size 28494M (AvailPageFile size 38M)
current process WorkingSet (physical memory assigned to process): 537M, peak: 567M
current process commit charge ("private bytes"): 636M, peak: 1039M

vm_info: OpenJDK 64-Bit Server VM (17.0.17+10-LTS) for windows-amd64 JRE (17.0.17+10-LTS), built on Oct 13 2025 22:19:56 by "MicrosoftCorporation" with unknown MS VC++:1944

END.
